{"/Users/yinxiaogou/Desktop/CodeConquerers/AccessCity.App/__tests__/testUtils.tsx": {"path":"/Users/yinxiaogou/Desktop/CodeConquerers/AccessCity.App/__tests__/testUtils.tsx","statementMap":{"0":{"start":{"line":5,"column":2},"end":{"line":5,"column":43}},"1":{"start":{"line":9,"column":36},"end":{"line":17,"column":3}},"2":{"start":{"line":19,"column":2},"end":{"line":21,"column":4}},"3":{"start":{"line":20,"column":4},"end":{"line":20,"column":84}}},"fnMap":{"0":{"name":"renderWithAuthProvider","decl":{"start":{"line":4,"column":16},"end":{"line":4,"column":38}},"loc":{"start":{"line":4,"column":63},"end":{"line":6,"column":1}},"line":4},"1":{"name":"createAuthWrapper","decl":{"start":{"line":8,"column":16},"end":{"line":8,"column":33}},"loc":{"start":{"line":8,"column":69},"end":{"line":22,"column":1}},"line":8},"2":{"name":"Wrapper","decl":{"start":{"line":19,"column":18},"end":{"line":19,"column":25}},"loc":{"start":{"line":19,"column":71},"end":{"line":21,"column":3}},"line":19}},"branchMap":{},"s":{"0":12,"1":2,"2":2,"3":2},"f":{"0":12,"1":2,"2":2},"b":{},"_coverageSchema":"1a1c01bbd47fc00a2c39e90264f33305004495a9","hash":"b6724115b715941f47cba38869651b447cbe5092"}
,"/Users/yinxiaogou/Desktop/CodeConquerers/AccessCity.App/app/index.tsx": {"path":"/Users/yinxiaogou/Desktop/CodeConquerers/AccessCity.App/app/index.tsx","statementMap":{"0":{"start":{"line":34,"column":26},"end":{"line":34,"column":50}},"1":{"start":{"line":37,"column":34},"end":{"line":37,"column":49}},"2":{"start":{"line":38,"column":34},"end":{"line":38,"column":49}},"3":{"start":{"line":39,"column":34},"end":{"line":39,"column":46}},"4":{"start":{"line":40,"column":28},"end":{"line":40,"column":40}},"5":{"start":{"line":41,"column":34},"end":{"line":41,"column":46}},"6":{"start":{"line":42,"column":42},"end":{"line":42,"column":57}},"7":{"start":{"line":43,"column":28},"end":{"line":43,"column":57}},"8":{"start":{"line":44,"column":38},"end":{"line":44,"column":67}},"9":{"start":{"line":45,"column":46},"end":{"line":45,"column":61}},"10":{"start":{"line":46,"column":52},"end":{"line":46,"column":67}},"11":{"start":{"line":47,"column":44},"end":{"line":47,"column":59}},"12":{"start":{"line":49,"column":46},"end":{"line":49,"column":55}},"13":{"start":{"line":50,"column":32},"end":{"line":50,"column":50}},"14":{"start":{"line":51,"column":20},"end":{"line":51,"column":37}},"15":{"start":{"line":52,"column":25},"end":{"line":52,"column":42}},"16":{"start":{"line":53,"column":27},"end":{"line":53,"column":46}},"17":{"start":{"line":55,"column":2},"end":{"line":61,"column":58}},"18":{"start":{"line":56,"column":4},"end":{"line":58,"column":5}},"19":{"start":{"line":57,"column":6},"end":{"line":57,"column":36}},"20":{"start":{"line":59,"column":4},"end":{"line":59,"column":76}},"21":{"start":{"line":60,"column":4},"end":{"line":60,"column":60}},"22":{"start":{"line":63,"column":2},"end":{"line":70,"column":28}},"23":{"start":{"line":64,"column":4},"end":{"line":67,"column":7}},"24":{"start":{"line":68,"column":4},"end":{"line":68,"column":19}},"25":{"start":{"line":69,"column":4},"end":{"line":69,"column":24}},"26":{"start":{"line":72,"column":23},"end":{"line":114,"column":3}},"27":{"start":{"line":73,"column":4},"end":{"line":73,"column":19}},"28":{"start":{"line":74,"column":4},"end":{"line":74,"column":24}},"29":{"start":{"line":76,"column":4},"end":{"line":92,"column":5}},"30":{"start":{"line":77,"column":6},"end":{"line":81,"column":7}},"31":{"start":{"line":78,"column":8},"end":{"line":78,"column":52}},"32":{"start":{"line":79,"column":8},"end":{"line":79,"column":16}},"33":{"start":{"line":80,"column":8},"end":{"line":80,"column":15}},"34":{"start":{"line":82,"column":6},"end":{"line":82,"column":28}},"35":{"start":{"line":83,"column":6},"end":{"line":90,"column":7}},"36":{"start":{"line":84,"column":8},"end":{"line":84,"column":48}},"37":{"start":{"line":85,"column":8},"end":{"line":85,"column":86}},"38":{"start":{"line":87,"column":8},"end":{"line":87,"column":75}},"39":{"start":{"line":89,"column":8},"end":{"line":89,"column":31}},"40":{"start":{"line":91,"column":6},"end":{"line":91,"column":13}},"41":{"start":{"line":94,"column":4},"end":{"line":98,"column":5}},"42":{"start":{"line":95,"column":6},"end":{"line":95,"column":54}},"43":{"start":{"line":96,"column":6},"end":{"line":96,"column":14}},"44":{"start":{"line":97,"column":6},"end":{"line":97,"column":13}},"45":{"start":{"line":100,"column":4},"end":{"line":100,"column":26}},"46":{"start":{"line":101,"column":4},"end":{"line":113,"column":5}},"47":{"start":{"line":102,"column":6},"end":{"line":106,"column":7}},"48":{"start":{"line":103,"column":8},"end":{"line":103,"column":48}},"49":{"start":{"line":105,"column":8},"end":{"line":105,"column":38}},"50":{"start":{"line":107,"column":6},"end":{"line":107,"column":36}},"51":{"start":{"line":109,"column":6},"end":{"line":109,"column":75}},"52":{"start":{"line":110,"column":6},"end":{"line":110,"column":14}},"53":{"start":{"line":112,"column":6},"end":{"line":112,"column":29}},"54":{"start":{"line":116,"column":30},"end":{"line":124,"column":4}},"55":{"start":{"line":118,"column":27},"end":{"line":118,"column":41}},"56":{"start":{"line":119,"column":21},"end":{"line":119,"column":39}},"57":{"start":{"line":120,"column":23},"end":{"line":120,"column":78}},"58":{"start":{"line":121,"column":4},"end":{"line":123,"column":6}},"59":{"start":{"line":126,"column":30},"end":{"line":131,"column":4}},"60":{"start":{"line":127,"column":4},"end":{"line":130,"column":6}},"61":{"start":{"line":133,"column":28},"end":{"line":138,"column":4}},"62":{"start":{"line":134,"column":4},"end":{"line":137,"column":6}},"63":{"start":{"line":140,"column":2},"end":{"line":373,"column":4}},"64":{"start":{"line":185,"column":37},"end":{"line":185,"column":55}},"65":{"start":{"line":191,"column":37},"end":{"line":191,"column":54}},"66":{"start":{"line":207,"column":41},"end":{"line":207,"column":63}},"67":{"start":{"line":208,"column":40},"end":{"line":208,"column":63}},"68":{"start":{"line":223,"column":39},"end":{"line":223,"column":62}},"69":{"start":{"line":224,"column":38},"end":{"line":224,"column":62}},"70":{"start":{"line":237,"column":39},"end":{"line":237,"column":65}},"71":{"start":{"line":238,"column":38},"end":{"line":238,"column":65}},"72":{"start":{"line":246,"column":24},"end":{"line":246,"column":42}},"73":{"start":{"line":247,"column":24},"end":{"line":247,"column":39}},"74":{"start":{"line":248,"column":24},"end":{"line":248,"column":44}},"75":{"start":{"line":315,"column":37},"end":{"line":315,"column":60}},"76":{"start":{"line":316,"column":36},"end":{"line":316,"column":60}},"77":{"start":{"line":351,"column":22},"end":{"line":351,"column":41}},"78":{"start":{"line":352,"column":22},"end":{"line":352,"column":37}},"79":{"start":{"line":353,"column":22},"end":{"line":353,"column":42}},"80":{"start":{"line":376,"column":15},"end":{"line":613,"column":2}}},"fnMap":{"0":{"name":"AuthScreen","decl":{"start":{"line":36,"column":24},"end":{"line":36,"column":34}},"loc":{"start":{"line":36,"column":37},"end":{"line":374,"column":1}},"line":36},"1":{"name":"(anonymous_1)","decl":{"start":{"line":55,"column":12},"end":{"line":55,"column":13}},"loc":{"start":{"line":55,"column":18},"end":{"line":61,"column":3}},"line":55},"2":{"name":"(anonymous_2)","decl":{"start":{"line":63,"column":12},"end":{"line":63,"column":13}},"loc":{"start":{"line":63,"column":18},"end":{"line":70,"column":3}},"line":63},"3":{"name":"(anonymous_3)","decl":{"start":{"line":72,"column":23},"end":{"line":72,"column":24}},"loc":{"start":{"line":72,"column":35},"end":{"line":114,"column":3}},"line":72},"4":{"name":"(anonymous_4)","decl":{"start":{"line":116,"column":47},"end":{"line":116,"column":48}},"loc":{"start":{"line":116,"column":53},"end":{"line":124,"column":3}},"line":116},"5":{"name":"(anonymous_5)","decl":{"start":{"line":126,"column":47},"end":{"line":126,"column":48}},"loc":{"start":{"line":126,"column":53},"end":{"line":131,"column":3}},"line":126},"6":{"name":"(anonymous_6)","decl":{"start":{"line":133,"column":45},"end":{"line":133,"column":46}},"loc":{"start":{"line":133,"column":51},"end":{"line":138,"column":3}},"line":133},"7":{"name":"(anonymous_7)","decl":{"start":{"line":185,"column":31},"end":{"line":185,"column":32}},"loc":{"start":{"line":185,"column":37},"end":{"line":185,"column":55}},"line":185},"8":{"name":"(anonymous_8)","decl":{"start":{"line":191,"column":31},"end":{"line":191,"column":32}},"loc":{"start":{"line":191,"column":37},"end":{"line":191,"column":54}},"line":191},"9":{"name":"(anonymous_9)","decl":{"start":{"line":207,"column":35},"end":{"line":207,"column":36}},"loc":{"start":{"line":207,"column":41},"end":{"line":207,"column":63}},"line":207},"10":{"name":"(anonymous_10)","decl":{"start":{"line":208,"column":34},"end":{"line":208,"column":35}},"loc":{"start":{"line":208,"column":40},"end":{"line":208,"column":63}},"line":208},"11":{"name":"(anonymous_11)","decl":{"start":{"line":223,"column":33},"end":{"line":223,"column":34}},"loc":{"start":{"line":223,"column":39},"end":{"line":223,"column":62}},"line":223},"12":{"name":"(anonymous_12)","decl":{"start":{"line":224,"column":32},"end":{"line":224,"column":33}},"loc":{"start":{"line":224,"column":38},"end":{"line":224,"column":62}},"line":224},"13":{"name":"(anonymous_13)","decl":{"start":{"line":237,"column":33},"end":{"line":237,"column":34}},"loc":{"start":{"line":237,"column":39},"end":{"line":237,"column":65}},"line":237},"14":{"name":"(anonymous_14)","decl":{"start":{"line":238,"column":32},"end":{"line":238,"column":33}},"loc":{"start":{"line":238,"column":38},"end":{"line":238,"column":65}},"line":238},"15":{"name":"(anonymous_15)","decl":{"start":{"line":245,"column":31},"end":{"line":245,"column":32}},"loc":{"start":{"line":245,"column":37},"end":{"line":249,"column":23}},"line":245},"16":{"name":"(anonymous_16)","decl":{"start":{"line":315,"column":31},"end":{"line":315,"column":32}},"loc":{"start":{"line":315,"column":37},"end":{"line":315,"column":60}},"line":315},"17":{"name":"(anonymous_17)","decl":{"start":{"line":316,"column":30},"end":{"line":316,"column":31}},"loc":{"start":{"line":316,"column":36},"end":{"line":316,"column":60}},"line":316},"18":{"name":"(anonymous_18)","decl":{"start":{"line":350,"column":29},"end":{"line":350,"column":30}},"loc":{"start":{"line":350,"column":35},"end":{"line":354,"column":21}},"line":350}},"branchMap":{"0":{"loc":{"start":{"line":56,"column":4},"end":{"line":58,"column":5}},"type":"if","locations":[{"start":{"line":56,"column":4},"end":{"line":58,"column":5}},{"start":{},"end":{}}],"line":56},"1":{"loc":{"start":{"line":64,"column":33},"end":{"line":64,"column":49}},"type":"cond-expr","locations":[{"start":{"line":64,"column":44},"end":{"line":64,"column":45}},{"start":{"line":64,"column":48},"end":{"line":64,"column":49}}],"line":64},"2":{"loc":{"start":{"line":76,"column":4},"end":{"line":92,"column":5}},"type":"if","locations":[{"start":{"line":76,"column":4},"end":{"line":92,"column":5}},{"start":{},"end":{}}],"line":76},"3":{"loc":{"start":{"line":77,"column":6},"end":{"line":81,"column":7}},"type":"if","locations":[{"start":{"line":77,"column":6},"end":{"line":81,"column":7}},{"start":{},"end":{}}],"line":77},"4":{"loc":{"start":{"line":87,"column":17},"end":{"line":87,"column":73}},"type":"binary-expr","locations":[{"start":{"line":87,"column":17},"end":{"line":87,"column":28}},{"start":{"line":87,"column":32},"end":{"line":87,"column":73}}],"line":87},"5":{"loc":{"start":{"line":94,"column":4},"end":{"line":98,"column":5}},"type":"if","locations":[{"start":{"line":94,"column":4},"end":{"line":98,"column":5}},{"start":{},"end":{}}],"line":94},"6":{"loc":{"start":{"line":94,"column":8},"end":{"line":94,"column":54}},"type":"binary-expr","locations":[{"start":{"line":94,"column":8},"end":{"line":94,"column":14}},{"start":{"line":94,"column":18},"end":{"line":94,"column":27}},{"start":{"line":94,"column":32},"end":{"line":94,"column":40}},{"start":{"line":94,"column":44},"end":{"line":94,"column":53}}],"line":94},"7":{"loc":{"start":{"line":102,"column":6},"end":{"line":106,"column":7}},"type":"if","locations":[{"start":{"line":102,"column":6},"end":{"line":106,"column":7}},{"start":{"line":104,"column":13},"end":{"line":106,"column":7}}],"line":102},"8":{"loc":{"start":{"line":109,"column":15},"end":{"line":109,"column":73}},"type":"binary-expr","locations":[{"start":{"line":109,"column":15},"end":{"line":109,"column":26}},{"start":{"line":109,"column":30},"end":{"line":109,"column":73}}],"line":109},"9":{"loc":{"start":{"line":153,"column":20},"end":{"line":153,"column":65}},"type":"cond-expr","locations":[{"start":{"line":153,"column":44},"end":{"line":153,"column":53}},{"start":{"line":153,"column":56},"end":{"line":153,"column":65}}],"line":153},"10":{"loc":{"start":{"line":179,"column":15},"end":{"line":361,"column":15}},"type":"cond-expr","locations":[{"start":{"line":180,"column":16},"end":{"line":296,"column":19}},{"start":{"line":298,"column":16},"end":{"line":360,"column":23}}],"line":179},"11":{"loc":{"start":{"line":187,"column":52},"end":{"line":187,"column":85}},"type":"binary-expr","locations":[{"start":{"line":187,"column":52},"end":{"line":187,"column":61}},{"start":{"line":187,"column":65},"end":{"line":187,"column":85}}],"line":187},"12":{"loc":{"start":{"line":193,"column":52},"end":{"line":193,"column":84}},"type":"binary-expr","locations":[{"start":{"line":193,"column":52},"end":{"line":193,"column":60}},{"start":{"line":193,"column":64},"end":{"line":193,"column":84}}],"line":193},"13":{"loc":{"start":{"line":198,"column":21},"end":{"line":211,"column":21}},"type":"binary-expr","locations":[{"start":{"line":198,"column":21},"end":{"line":198,"column":29}},{"start":{"line":199,"column":22},"end":{"line":210,"column":29}}],"line":198},"14":{"loc":{"start":{"line":199,"column":57},"end":{"line":199,"column":100}},"type":"binary-expr","locations":[{"start":{"line":199,"column":57},"end":{"line":199,"column":70}},{"start":{"line":199,"column":74},"end":{"line":199,"column":100}}],"line":199},"15":{"loc":{"start":{"line":200,"column":73},"end":{"line":200,"column":110}},"type":"cond-expr","locations":[{"start":{"line":200,"column":89},"end":{"line":200,"column":98}},{"start":{"line":200,"column":101},"end":{"line":200,"column":110}}],"line":200},"16":{"loc":{"start":{"line":213,"column":55},"end":{"line":213,"column":99}},"type":"binary-expr","locations":[{"start":{"line":213,"column":55},"end":{"line":213,"column":69}},{"start":{"line":213,"column":73},"end":{"line":213,"column":99}}],"line":213},"17":{"loc":{"start":{"line":214,"column":69},"end":{"line":214,"column":107}},"type":"cond-expr","locations":[{"start":{"line":214,"column":86},"end":{"line":214,"column":95}},{"start":{"line":214,"column":98},"end":{"line":214,"column":107}}],"line":214},"18":{"loc":{"start":{"line":228,"column":55},"end":{"line":228,"column":102}},"type":"binary-expr","locations":[{"start":{"line":228,"column":55},"end":{"line":228,"column":72}},{"start":{"line":228,"column":76},"end":{"line":228,"column":102}}],"line":228},"19":{"loc":{"start":{"line":229,"column":76},"end":{"line":229,"column":117}},"type":"cond-expr","locations":[{"start":{"line":229,"column":96},"end":{"line":229,"column":105}},{"start":{"line":229,"column":108},"end":{"line":229,"column":117}}],"line":229},"20":{"loc":{"start":{"line":242,"column":61},"end":{"line":242,"column":79}},"type":"binary-expr","locations":[{"start":{"line":242,"column":61},"end":{"line":242,"column":66}},{"start":{"line":242,"column":70},"end":{"line":242,"column":79}}],"line":242},"21":{"loc":{"start":{"line":268,"column":25},"end":{"line":277,"column":25}},"type":"cond-expr","locations":[{"start":{"line":269,"column":26},"end":{"line":269,"column":60}},{"start":{"line":271,"column":26},"end":{"line":276,"column":29}}],"line":268},"22":{"loc":{"start":{"line":273,"column":31},"end":{"line":273,"column":70}},"type":"cond-expr","locations":[{"start":{"line":273,"column":42},"end":{"line":273,"column":58}},{"start":{"line":273,"column":61},"end":{"line":273,"column":70}}],"line":273},"23":{"loc":{"start":{"line":305,"column":53},"end":{"line":305,"column":97}},"type":"binary-expr","locations":[{"start":{"line":305,"column":53},"end":{"line":305,"column":67}},{"start":{"line":305,"column":71},"end":{"line":305,"column":97}}],"line":305},"24":{"loc":{"start":{"line":306,"column":67},"end":{"line":306,"column":105}},"type":"cond-expr","locations":[{"start":{"line":306,"column":84},"end":{"line":306,"column":93}},{"start":{"line":306,"column":96},"end":{"line":306,"column":105}}],"line":306},"25":{"loc":{"start":{"line":320,"column":19},"end":{"line":325,"column":19}},"type":"binary-expr","locations":[{"start":{"line":320,"column":19},"end":{"line":320,"column":29}},{"start":{"line":321,"column":20},"end":{"line":324,"column":27}}],"line":320},"26":{"loc":{"start":{"line":327,"column":59},"end":{"line":327,"column":77}},"type":"binary-expr","locations":[{"start":{"line":327,"column":59},"end":{"line":327,"column":64}},{"start":{"line":327,"column":68},"end":{"line":327,"column":77}}],"line":327},"27":{"loc":{"start":{"line":341,"column":23},"end":{"line":345,"column":23}},"type":"cond-expr","locations":[{"start":{"line":342,"column":24},"end":{"line":342,"column":58}},{"start":{"line":344,"column":24},"end":{"line":344,"column":79}}],"line":341}},"s":{"0":1,"1":25,"2":25,"3":25,"4":25,"5":25,"6":25,"7":25,"8":25,"9":25,"10":25,"11":25,"12":25,"13":25,"14":25,"15":25,"16":25,"17":25,"18":16,"19":1,"20":16,"21":16,"22":25,"23":16,"24":16,"25":16,"26":25,"27":2,"28":2,"29":2,"30":1,"31":0,"32":0,"33":0,"34":1,"35":1,"36":1,"37":1,"38":0,"39":1,"40":1,"41":1,"42":0,"43":0,"44":0,"45":1,"46":1,"47":1,"48":0,"49":1,"50":1,"51":0,"52":0,"53":1,"54":25,"55":25,"56":25,"57":25,"58":25,"59":25,"60":25,"61":25,"62":25,"63":25,"64":0,"65":1,"66":0,"67":0,"68":0,"69":0,"70":0,"71":0,"72":1,"73":1,"74":1,"75":0,"76":0,"77":0,"78":0,"79":0,"80":1},"f":{"0":25,"1":16,"2":16,"3":2,"4":25,"5":25,"6":25,"7":0,"8":1,"9":0,"10":0,"11":0,"12":0,"13":0,"14":0,"15":1,"16":0,"17":0,"18":0},"b":{"0":[1,15],"1":[2,14],"2":[1,1],"3":[0,1],"4":[0,0],"5":[0,1],"6":[1,1,1,0],"7":[0,1],"8":[0,0],"9":[25,0],"10":[16,9],"11":[16,13],"12":[16,3],"13":[16,3],"14":[3,0],"15":[0,3],"16":[16,0],"17":[0,16],"18":[16,0],"19":[0,16],"20":[16,16],"21":[2,14],"22":[3,11],"23":[9,0],"24":[0,9],"25":[9,1],"26":[9,9],"27":[2,7]},"_coverageSchema":"1a1c01bbd47fc00a2c39e90264f33305004495a9","hash":"6bc01924733c1912afd63ebbebb6bb2048338100"}
,"/Users/yinxiaogou/Desktop/CodeConquerers/AccessCity.App/app/login.tsx": {"path":"/Users/yinxiaogou/Desktop/CodeConquerers/AccessCity.App/app/login.tsx","statementMap":{"0":{"start":{"line":25,"column":28},"end":{"line":25,"column":40}},"1":{"start":{"line":26,"column":34},"end":{"line":26,"column":46}},"2":{"start":{"line":27,"column":50},"end":{"line":27,"column":65}},"3":{"start":{"line":28,"column":40},"end":{"line":28,"column":69}},"4":{"start":{"line":30,"column":21},"end":{"line":30,"column":30}},"5":{"start":{"line":31,"column":32},"end":{"line":31,"column":50}},"6":{"start":{"line":33,"column":22},"end":{"line":53,"column":3}},"7":{"start":{"line":34,"column":4},"end":{"line":34,"column":37}},"8":{"start":{"line":36,"column":4},"end":{"line":36,"column":25}},"9":{"start":{"line":37,"column":4},"end":{"line":41,"column":5}},"10":{"start":{"line":38,"column":6},"end":{"line":38,"column":49}},"11":{"start":{"line":39,"column":6},"end":{"line":39,"column":14}},"12":{"start":{"line":40,"column":6},"end":{"line":40,"column":13}},"13":{"start":{"line":43,"column":4},"end":{"line":43,"column":30}},"14":{"start":{"line":44,"column":4},"end":{"line":52,"column":5}},"15":{"start":{"line":45,"column":6},"end":{"line":45,"column":36}},"16":{"start":{"line":46,"column":6},"end":{"line":46,"column":36}},"17":{"start":{"line":48,"column":6},"end":{"line":48,"column":78}},"18":{"start":{"line":49,"column":6},"end":{"line":49,"column":14}},"19":{"start":{"line":51,"column":6},"end":{"line":51,"column":33}},"20":{"start":{"line":55,"column":2},"end":{"line":164,"column":4}},"21":{"start":{"line":69,"column":29},"end":{"line":69,"column":42}},"22":{"start":{"line":129,"column":31},"end":{"line":129,"column":62}},"23":{"start":{"line":156,"column":47},"end":{"line":156,"column":69}},"24":{"start":{"line":167,"column":15},"end":{"line":303,"column":2}}},"fnMap":{"0":{"name":"LoginScreen","decl":{"start":{"line":24,"column":24},"end":{"line":24,"column":35}},"loc":{"start":{"line":24,"column":38},"end":{"line":165,"column":1}},"line":24},"1":{"name":"(anonymous_1)","decl":{"start":{"line":33,"column":22},"end":{"line":33,"column":23}},"loc":{"start":{"line":33,"column":34},"end":{"line":53,"column":3}},"line":33},"2":{"name":"(anonymous_2)","decl":{"start":{"line":69,"column":23},"end":{"line":69,"column":24}},"loc":{"start":{"line":69,"column":29},"end":{"line":69,"column":42}},"line":69},"3":{"name":"(anonymous_3)","decl":{"start":{"line":129,"column":25},"end":{"line":129,"column":26}},"loc":{"start":{"line":129,"column":31},"end":{"line":129,"column":62}},"line":129},"4":{"name":"(anonymous_4)","decl":{"start":{"line":156,"column":41},"end":{"line":156,"column":42}},"loc":{"start":{"line":156,"column":47},"end":{"line":156,"column":69}},"line":156}},"branchMap":{"0":{"loc":{"start":{"line":37,"column":4},"end":{"line":41,"column":5}},"type":"if","locations":[{"start":{"line":37,"column":4},"end":{"line":41,"column":5}},{"start":{},"end":{}}],"line":37},"1":{"loc":{"start":{"line":37,"column":8},"end":{"line":37,"column":27}},"type":"binary-expr","locations":[{"start":{"line":37,"column":8},"end":{"line":37,"column":14}},{"start":{"line":37,"column":18},"end":{"line":37,"column":27}}],"line":37},"2":{"loc":{"start":{"line":48,"column":21},"end":{"line":48,"column":76}},"type":"binary-expr","locations":[{"start":{"line":48,"column":21},"end":{"line":48,"column":32}},{"start":{"line":48,"column":36},"end":{"line":48,"column":76}}],"line":48},"3":{"loc":{"start":{"line":59,"column":18},"end":{"line":59,"column":62}},"type":"cond-expr","locations":[{"start":{"line":59,"column":42},"end":{"line":59,"column":51}},{"start":{"line":59,"column":54},"end":{"line":59,"column":62}}],"line":59},"4":{"loc":{"start":{"line":125,"column":61},"end":{"line":125,"column":85}},"type":"binary-expr","locations":[{"start":{"line":125,"column":61},"end":{"line":125,"column":72}},{"start":{"line":125,"column":76},"end":{"line":125,"column":85}}],"line":125},"5":{"loc":{"start":{"line":144,"column":19},"end":{"line":148,"column":19}},"type":"cond-expr","locations":[{"start":{"line":145,"column":20},"end":{"line":145,"column":54}},{"start":{"line":147,"column":20},"end":{"line":147,"column":69}}],"line":144}},"s":{"0":10,"1":10,"2":10,"3":10,"4":10,"5":10,"6":10,"7":2,"8":2,"9":2,"10":1,"11":1,"12":1,"13":1,"14":1,"15":1,"16":1,"17":0,"18":0,"19":1,"20":10,"21":0,"22":1,"23":1,"24":1},"f":{"0":10,"1":2,"2":0,"3":1,"4":1},"b":{"0":[1,1],"1":[2,1],"2":[0,0],"3":[10,0],"4":[10,9],"5":[0,10]},"_coverageSchema":"1a1c01bbd47fc00a2c39e90264f33305004495a9","hash":"c7d9bc358ea1f98c97dd7c6f42b96b935a12ff02"}
,"/Users/yinxiaogou/Desktop/CodeConquerers/AccessCity.App/app/signup.tsx": {"path":"/Users/yinxiaogou/Desktop/CodeConquerers/AccessCity.App/app/signup.tsx","statementMap":{"0":{"start":{"line":24,"column":36},"end":{"line":24,"column":48}},"1":{"start":{"line":25,"column":34},"end":{"line":25,"column":46}},"2":{"start":{"line":26,"column":28},"end":{"line":26,"column":40}},"3":{"start":{"line":27,"column":34},"end":{"line":27,"column":46}},"4":{"start":{"line":28,"column":48},"end":{"line":28,"column":60}},"5":{"start":{"line":29,"column":42},"end":{"line":29,"column":57}},"6":{"start":{"line":30,"column":48},"end":{"line":30,"column":77}},"7":{"start":{"line":32,"column":21},"end":{"line":32,"column":30}},"8":{"start":{"line":33,"column":32},"end":{"line":33,"column":50}},"9":{"start":{"line":35,"column":23},"end":{"line":59,"column":3}},"10":{"start":{"line":36,"column":4},"end":{"line":36,"column":29}},"11":{"start":{"line":37,"column":4},"end":{"line":41,"column":5}},"12":{"start":{"line":38,"column":6},"end":{"line":38,"column":64}},"13":{"start":{"line":39,"column":6},"end":{"line":39,"column":14}},"14":{"start":{"line":40,"column":6},"end":{"line":40,"column":13}},"15":{"start":{"line":43,"column":4},"end":{"line":47,"column":5}},"16":{"start":{"line":44,"column":6},"end":{"line":44,"column":51}},"17":{"start":{"line":45,"column":6},"end":{"line":45,"column":14}},"18":{"start":{"line":46,"column":6},"end":{"line":46,"column":13}},"19":{"start":{"line":49,"column":4},"end":{"line":49,"column":26}},"20":{"start":{"line":50,"column":4},"end":{"line":58,"column":5}},"21":{"start":{"line":51,"column":6},"end":{"line":51,"column":64}},"22":{"start":{"line":52,"column":6},"end":{"line":52,"column":36}},"23":{"start":{"line":54,"column":6},"end":{"line":54,"column":82}},"24":{"start":{"line":55,"column":6},"end":{"line":55,"column":14}},"25":{"start":{"line":57,"column":6},"end":{"line":57,"column":29}},"26":{"start":{"line":61,"column":2},"end":{"line":196,"column":4}},"27":{"start":{"line":75,"column":29},"end":{"line":75,"column":42}},"28":{"start":{"line":188,"column":47},"end":{"line":188,"column":68}},"29":{"start":{"line":199,"column":15},"end":{"line":330,"column":2}}},"fnMap":{"0":{"name":"SignupScreen","decl":{"start":{"line":23,"column":24},"end":{"line":23,"column":36}},"loc":{"start":{"line":23,"column":39},"end":{"line":197,"column":1}},"line":23},"1":{"name":"(anonymous_1)","decl":{"start":{"line":35,"column":23},"end":{"line":35,"column":24}},"loc":{"start":{"line":35,"column":35},"end":{"line":59,"column":3}},"line":35},"2":{"name":"(anonymous_2)","decl":{"start":{"line":75,"column":23},"end":{"line":75,"column":24}},"loc":{"start":{"line":75,"column":29},"end":{"line":75,"column":42}},"line":75},"3":{"name":"(anonymous_3)","decl":{"start":{"line":188,"column":41},"end":{"line":188,"column":42}},"loc":{"start":{"line":188,"column":47},"end":{"line":188,"column":68}},"line":188}},"branchMap":{"0":{"loc":{"start":{"line":37,"column":4},"end":{"line":41,"column":5}},"type":"if","locations":[{"start":{"line":37,"column":4},"end":{"line":41,"column":5}},{"start":{},"end":{}}],"line":37},"1":{"loc":{"start":{"line":37,"column":8},"end":{"line":37,"column":54}},"type":"binary-expr","locations":[{"start":{"line":37,"column":8},"end":{"line":37,"column":18}},{"start":{"line":37,"column":22},"end":{"line":37,"column":31}},{"start":{"line":37,"column":35},"end":{"line":37,"column":41}},{"start":{"line":37,"column":45},"end":{"line":37,"column":54}}],"line":37},"2":{"loc":{"start":{"line":43,"column":4},"end":{"line":47,"column":5}},"type":"if","locations":[{"start":{"line":43,"column":4},"end":{"line":47,"column":5}},{"start":{},"end":{}}],"line":43},"3":{"loc":{"start":{"line":54,"column":25},"end":{"line":54,"column":80}},"type":"binary-expr","locations":[{"start":{"line":54,"column":25},"end":{"line":54,"column":36}},{"start":{"line":54,"column":40},"end":{"line":54,"column":80}}],"line":54},"4":{"loc":{"start":{"line":65,"column":18},"end":{"line":65,"column":62}},"type":"cond-expr","locations":[{"start":{"line":65,"column":42},"end":{"line":65,"column":51}},{"start":{"line":65,"column":54},"end":{"line":65,"column":62}}],"line":65},"5":{"loc":{"start":{"line":164,"column":65},"end":{"line":164,"column":93}},"type":"binary-expr","locations":[{"start":{"line":164,"column":65},"end":{"line":164,"column":80}},{"start":{"line":164,"column":84},"end":{"line":164,"column":93}}],"line":164},"6":{"loc":{"start":{"line":176,"column":19},"end":{"line":180,"column":19}},"type":"cond-expr","locations":[{"start":{"line":177,"column":20},"end":{"line":177,"column":54}},{"start":{"line":179,"column":20},"end":{"line":179,"column":70}}],"line":176}},"s":{"0":21,"1":21,"2":21,"3":21,"4":21,"5":21,"6":21,"7":21,"8":21,"9":21,"10":3,"11":3,"12":1,"13":1,"14":1,"15":2,"16":1,"17":1,"18":1,"19":1,"20":1,"21":1,"22":1,"23":0,"24":0,"25":1,"26":21,"27":0,"28":1,"29":1},"f":{"0":21,"1":3,"2":0,"3":1},"b":{"0":[1,2],"1":[3,2,2,2],"2":[1,1],"3":[0,0],"4":[21,0],"5":[21,17],"6":[1,20]},"_coverageSchema":"1a1c01bbd47fc00a2c39e90264f33305004495a9","hash":"e25e30ef8dc2d566bee5e635a7e79468de2734a8"}
,"/Users/yinxiaogou/Desktop/CodeConquerers/AccessCity.App/app/(tabs)/hazard.tsx": {"path":"/Users/yinxiaogou/Desktop/CodeConquerers/AccessCity.App/app/(tabs)/hazard.tsx","statementMap":{"0":{"start":{"line":31,"column":32},"end":{"line":31,"column":72}},"1":{"start":{"line":36,"column":4},"end":{"line":52,"column":1}},"2":{"start":{"line":55,"column":2},"end":{"line":57,"column":3}},"3":{"start":{"line":56,"column":4},"end":{"line":56,"column":88}},"4":{"start":{"line":59,"column":2},"end":{"line":59,"column":72}},"5":{"start":{"line":63,"column":32},"end":{"line":63,"column":58}},"6":{"start":{"line":64,"column":36},"end":{"line":64,"column":50}},"7":{"start":{"line":65,"column":46},"end":{"line":65,"column":80}},"8":{"start":{"line":67,"column":58},"end":{"line":67,"column":91}},"9":{"start":{"line":68,"column":58},"end":{"line":68,"column":73}},"10":{"start":{"line":71,"column":4},"end":{"line":85,"column":5}},"11":{"start":{"line":72,"column":26},"end":{"line":72,"column":70}},"12":{"start":{"line":73,"column":6},"end":{"line":81,"column":7}},"13":{"start":{"line":74,"column":8},"end":{"line":77,"column":25}},"14":{"start":{"line":78,"column":8},"end":{"line":78,"column":38}},"15":{"start":{"line":80,"column":8},"end":{"line":80,"column":63}},"16":{"start":{"line":83,"column":6},"end":{"line":83,"column":59}},"17":{"start":{"line":84,"column":6},"end":{"line":84,"column":61}},"18":{"start":{"line":89,"column":4},"end":{"line":126,"column":5}},"19":{"start":{"line":90,"column":6},"end":{"line":90,"column":25}},"20":{"start":{"line":91,"column":19},"end":{"line":91,"column":66}},"21":{"start":{"line":92,"column":21},"end":{"line":119,"column":66}},"22":{"start":{"line":94,"column":25},"end":{"line":96,"column":27}},"23":{"start":{"line":98,"column":10},"end":{"line":100,"column":11}},"24":{"start":{"line":99,"column":12},"end":{"line":99,"column":24}},"25":{"start":{"line":102,"column":10},"end":{"line":117,"column":12}},"26":{"start":{"line":119,"column":50},"end":{"line":119,"column":65}},"27":{"start":{"line":120,"column":6},"end":{"line":120,"column":25}},"28":{"start":{"line":122,"column":6},"end":{"line":122,"column":54}},"29":{"start":{"line":123,"column":6},"end":{"line":123,"column":21}},"30":{"start":{"line":125,"column":6},"end":{"line":125,"column":26}},"31":{"start":{"line":129,"column":2},"end":{"line":133,"column":4}},"32":{"start":{"line":131,"column":6},"end":{"line":131,"column":25}},"33":{"start":{"line":135,"column":2},"end":{"line":258,"column":4}},"34":{"start":{"line":146,"column":29},"end":{"line":146,"column":54}},"35":{"start":{"line":148,"column":12},"end":{"line":165,"column":14}},"36":{"start":{"line":156,"column":31},"end":{"line":156,"column":56}},"37":{"start":{"line":183,"column":10},"end":{"line":248,"column":17}},"38":{"start":{"line":242,"column":31},"end":{"line":242,"column":59}},"39":{"start":{"line":255,"column":23},"end":{"line":255,"column":53}},"40":{"start":{"line":261,"column":15},"end":{"line":448,"column":2}}},"fnMap":{"0":{"name":"HazardIcon","decl":{"start":{"line":54,"column":9},"end":{"line":54,"column":19}},"loc":{"start":{"line":54,"column":52},"end":{"line":60,"column":1}},"line":54},"1":{"name":"Hazard","decl":{"start":{"line":62,"column":24},"end":{"line":62,"column":30}},"loc":{"start":{"line":62,"column":33},"end":{"line":259,"column":1}},"line":62},"2":{"name":"handleOpenDetails","decl":{"start":{"line":70,"column":17},"end":{"line":70,"column":34}},"loc":{"start":{"line":70,"column":62},"end":{"line":86,"column":3}},"line":70},"3":{"name":"loadHazards","decl":{"start":{"line":88,"column":17},"end":{"line":88,"column":28}},"loc":{"start":{"line":88,"column":31},"end":{"line":127,"column":3}},"line":88},"4":{"name":"(anonymous_4)","decl":{"start":{"line":93,"column":32},"end":{"line":93,"column":33}},"loc":{"start":{"line":93,"column":44},"end":{"line":118,"column":9}},"line":93},"5":{"name":"(anonymous_5)","decl":{"start":{"line":119,"column":16},"end":{"line":119,"column":17}},"loc":{"start":{"line":119,"column":50},"end":{"line":119,"column":65}},"line":119},"6":{"name":"(anonymous_6)","decl":{"start":{"line":130,"column":22},"end":{"line":130,"column":23}},"loc":{"start":{"line":130,"column":28},"end":{"line":132,"column":5}},"line":130},"7":{"name":"(anonymous_7)","decl":{"start":{"line":145,"column":23},"end":{"line":145,"column":24}},"loc":{"start":{"line":145,"column":35},"end":{"line":166,"column":11}},"line":145},"8":{"name":"(anonymous_8)","decl":{"start":{"line":156,"column":25},"end":{"line":156,"column":26}},"loc":{"start":{"line":156,"column":31},"end":{"line":156,"column":56}},"line":156},"9":{"name":"(anonymous_9)","decl":{"start":{"line":182,"column":21},"end":{"line":182,"column":22}},"loc":{"start":{"line":183,"column":10},"end":{"line":248,"column":17}},"line":183},"10":{"name":"(anonymous_10)","decl":{"start":{"line":242,"column":25},"end":{"line":242,"column":26}},"loc":{"start":{"line":242,"column":31},"end":{"line":242,"column":59}},"line":242},"11":{"name":"(anonymous_11)","decl":{"start":{"line":255,"column":17},"end":{"line":255,"column":18}},"loc":{"start":{"line":255,"column":23},"end":{"line":255,"column":53}},"line":255}},"branchMap":{"0":{"loc":{"start":{"line":55,"column":2},"end":{"line":57,"column":3}},"type":"if","locations":[{"start":{"line":55,"column":2},"end":{"line":57,"column":3}},{"start":{},"end":{}}],"line":55},"1":{"loc":{"start":{"line":73,"column":6},"end":{"line":81,"column":7}},"type":"if","locations":[{"start":{"line":73,"column":6},"end":{"line":81,"column":7}},{"start":{"line":79,"column":13},"end":{"line":81,"column":7}}],"line":73},"2":{"loc":{"start":{"line":94,"column":25},"end":{"line":96,"column":27}},"type":"cond-expr","locations":[{"start":{"line":95,"column":14},"end":{"line":95,"column":28}},{"start":{"line":96,"column":14},"end":{"line":96,"column":27}}],"line":94},"3":{"loc":{"start":{"line":98,"column":10},"end":{"line":100,"column":11}},"type":"if","locations":[{"start":{"line":98,"column":10},"end":{"line":100,"column":11}},{"start":{},"end":{}}],"line":98},"4":{"loc":{"start":{"line":98,"column":14},"end":{"line":98,"column":89}},"type":"binary-expr","locations":[{"start":{"line":98,"column":14},"end":{"line":98,"column":35}},{"start":{"line":98,"column":39},"end":{"line":98,"column":64}},{"start":{"line":98,"column":68},"end":{"line":98,"column":89}}],"line":98},"5":{"loc":{"start":{"line":109,"column":18},"end":{"line":113,"column":35}},"type":"cond-expr","locations":[{"start":{"line":110,"column":16},"end":{"line":110,"column":35}},{"start":{"line":111,"column":16},"end":{"line":113,"column":35}}],"line":109},"6":{"loc":{"start":{"line":109,"column":18},"end":{"line":109,"column":89}},"type":"binary-expr","locations":[{"start":{"line":109,"column":18},"end":{"line":109,"column":50}},{"start":{"line":109,"column":54},"end":{"line":109,"column":89}}],"line":109},"7":{"loc":{"start":{"line":111,"column":16},"end":{"line":113,"column":35}},"type":"cond-expr","locations":[{"start":{"line":112,"column":18},"end":{"line":112,"column":32}},{"start":{"line":113,"column":18},"end":{"line":113,"column":35}}],"line":111},"8":{"loc":{"start":{"line":114,"column":24},"end":{"line":116,"column":26}},"type":"cond-expr","locations":[{"start":{"line":115,"column":16},"end":{"line":115,"column":26}},{"start":{"line":116,"column":16},"end":{"line":116,"column":26}}],"line":114},"9":{"loc":{"start":{"line":114,"column":24},"end":{"line":114,"column":95}},"type":"binary-expr","locations":[{"start":{"line":114,"column":24},"end":{"line":114,"column":56}},{"start":{"line":114,"column":60},"end":{"line":114,"column":95}}],"line":114},"10":{"loc":{"start":{"line":154,"column":18},"end":{"line":154,"column":55}},"type":"binary-expr","locations":[{"start":{"line":154,"column":18},"end":{"line":154,"column":26}},{"start":{"line":154,"column":30},"end":{"line":154,"column":55}}],"line":154},"11":{"loc":{"start":{"line":160,"column":45},"end":{"line":160,"column":80}},"type":"binary-expr","locations":[{"start":{"line":160,"column":45},"end":{"line":160,"column":53}},{"start":{"line":160,"column":57},"end":{"line":160,"column":80}}],"line":160},"12":{"loc":{"start":{"line":169,"column":9},"end":{"line":174,"column":16}},"type":"cond-expr","locations":[{"start":{"line":170,"column":10},"end":{"line":173,"column":17}},{"start":{"line":174,"column":12},"end":{"line":174,"column":16}}],"line":169},"13":{"loc":{"start":{"line":176,"column":9},"end":{"line":180,"column":16}},"type":"cond-expr","locations":[{"start":{"line":177,"column":10},"end":{"line":179,"column":17}},{"start":{"line":180,"column":12},"end":{"line":180,"column":16}}],"line":176},"14":{"loc":{"start":{"line":176,"column":9},"end":{"line":176,"column":38}},"type":"binary-expr","locations":[{"start":{"line":176,"column":9},"end":{"line":176,"column":19}},{"start":{"line":176,"column":23},"end":{"line":176,"column":38}}],"line":176}},"s":{"0":1,"1":1,"2":1,"3":1,"4":0,"5":12,"6":12,"7":12,"8":12,"9":12,"10":0,"11":0,"12":0,"13":0,"14":0,"15":0,"16":0,"17":0,"18":4,"19":4,"20":4,"21":4,"22":1,"23":1,"24":0,"25":1,"26":1,"27":4,"28":0,"29":0,"30":4,"31":12,"32":4,"33":12,"34":36,"35":36,"36":1,"37":2,"38":0,"39":0,"40":1},"f":{"0":1,"1":12,"2":0,"3":4,"4":1,"5":1,"6":4,"7":36,"8":1,"9":2,"10":0,"11":0},"b":{"0":[1,0],"1":[0,0],"2":[0,1],"3":[0,1],"4":[1,0,0],"5":[1,0],"6":[1,0],"7":[0,0],"8":[1,0],"9":[1,0],"10":[36,12],"11":[36,12],"12":[4,8],"13":[6,6],"14":[12,8]},"_coverageSchema":"1a1c01bbd47fc00a2c39e90264f33305004495a9","hash":"cb75dc0a54c95fe55ec085d82a79a9361cb14792"}
,"/Users/yinxiaogou/Desktop/CodeConquerers/AccessCity.App/app/(tabs)/map.web.tsx": {"path":"/Users/yinxiaogou/Desktop/CodeConquerers/AccessCity.App/app/(tabs)/map.web.tsx","statementMap":{"0":{"start":{"line":4,"column":2},"end":{"line":9,"column":4}},"1":{"start":{"line":12,"column":15},"end":{"line":32,"column":2}}},"fnMap":{"0":{"name":"MapPageWeb","decl":{"start":{"line":3,"column":24},"end":{"line":3,"column":34}},"loc":{"start":{"line":3,"column":37},"end":{"line":10,"column":1}},"line":3}},"branchMap":{},"s":{"0":1,"1":1},"f":{"0":1},"b":{},"_coverageSchema":"1a1c01bbd47fc00a2c39e90264f33305004495a9","hash":"c19a346d8ef2cbd13737c3366dfb92317a1f312e"}
,"/Users/yinxiaogou/Desktop/CodeConquerers/AccessCity.App/app/(tabs)/profile.tsx": {"path":"/Users/yinxiaogou/Desktop/CodeConquerers/AccessCity.App/app/(tabs)/profile.tsx","statementMap":{"0":{"start":{"line":24,"column":41},"end":{"line":60,"column":1}},"1":{"start":{"line":63,"column":2},"end":{"line":65,"column":3}},"2":{"start":{"line":64,"column":4},"end":{"line":64,"column":114}},"3":{"start":{"line":67,"column":2},"end":{"line":75,"column":3}},"4":{"start":{"line":68,"column":4},"end":{"line":74,"column":6}},"5":{"start":{"line":77,"column":2},"end":{"line":77,"column":114}},"6":{"start":{"line":81,"column":28},"end":{"line":81,"column":37}},"7":{"start":{"line":84,"column":4},"end":{"line":84,"column":20}},"8":{"start":{"line":85,"column":4},"end":{"line":85,"column":29}},"9":{"start":{"line":88,"column":2},"end":{"line":168,"column":4}},"10":{"start":{"line":140,"column":12},"end":{"line":158,"column":31}},"11":{"start":{"line":162,"column":90},"end":{"line":162,"column":110}},"12":{"start":{"line":171,"column":15},"end":{"line":360,"column":2}}},"fnMap":{"0":{"name":"ActionIcon","decl":{"start":{"line":62,"column":9},"end":{"line":62,"column":19}},"loc":{"start":{"line":62,"column":55},"end":{"line":78,"column":1}},"line":62},"1":{"name":"Profile","decl":{"start":{"line":80,"column":24},"end":{"line":80,"column":31}},"loc":{"start":{"line":80,"column":34},"end":{"line":169,"column":1}},"line":80},"2":{"name":"handleSignOut","decl":{"start":{"line":83,"column":17},"end":{"line":83,"column":30}},"loc":{"start":{"line":83,"column":33},"end":{"line":86,"column":3}},"line":83},"3":{"name":"(anonymous_3)","decl":{"start":{"line":139,"column":31},"end":{"line":139,"column":32}},"loc":{"start":{"line":140,"column":12},"end":{"line":158,"column":31}},"line":140},"4":{"name":"(anonymous_4)","decl":{"start":{"line":162,"column":84},"end":{"line":162,"column":85}},"loc":{"start":{"line":162,"column":90},"end":{"line":162,"column":110}},"line":162}},"branchMap":{"0":{"loc":{"start":{"line":63,"column":2},"end":{"line":65,"column":3}},"type":"if","locations":[{"start":{"line":63,"column":2},"end":{"line":65,"column":3}},{"start":{},"end":{}}],"line":63},"1":{"loc":{"start":{"line":67,"column":2},"end":{"line":75,"column":3}},"type":"if","locations":[{"start":{"line":67,"column":2},"end":{"line":75,"column":3}},{"start":{},"end":{}}],"line":67},"2":{"loc":{"start":{"line":106,"column":41},"end":{"line":106,"column":76}},"type":"binary-expr","locations":[{"start":{"line":106,"column":41},"end":{"line":106,"column":55}},{"start":{"line":106,"column":59},"end":{"line":106,"column":76}}],"line":106},"3":{"loc":{"start":{"line":107,"column":42},"end":{"line":107,"column":77}},"type":"binary-expr","locations":[{"start":{"line":107,"column":42},"end":{"line":107,"column":53}},{"start":{"line":107,"column":57},"end":{"line":107,"column":77}}],"line":107},"4":{"loc":{"start":{"line":145,"column":16},"end":{"line":145,"column":75}},"type":"binary-expr","locations":[{"start":{"line":145,"column":16},"end":{"line":145,"column":52}},{"start":{"line":145,"column":56},"end":{"line":145,"column":75}}],"line":145}},"s":{"0":1,"1":10,"2":4,"3":6,"4":0,"5":6,"6":2,"7":1,"8":1,"9":2,"10":10,"11":1,"12":1},"f":{"0":10,"1":2,"2":1,"3":10,"4":1},"b":{"0":[4,6],"1":[0,6],"2":[2,0],"3":[2,0],"4":[10,8]},"_coverageSchema":"1a1c01bbd47fc00a2c39e90264f33305004495a9","hash":"2058ea9ff2a4f7e2525279b815c787e2df1f34bc"}
,"/Users/yinxiaogou/Desktop/CodeConquerers/AccessCity.App/app/(tabs)/report/reportpage.tsx": {"path":"/Users/yinxiaogou/Desktop/CodeConquerers/AccessCity.App/app/(tabs)/report/reportpage.tsx","statementMap":{"0":{"start":{"line":11,"column":54},"end":{"line":11,"column":68}},"1":{"start":{"line":13,"column":38},"end":{"line":13,"column":60}},"2":{"start":{"line":15,"column":4},"end":{"line":15,"column":43}},"3":{"start":{"line":16,"column":52},"end":{"line":16,"column":64}},"4":{"start":{"line":18,"column":48},"end":{"line":21,"column":17}},"5":{"start":{"line":23,"column":2},"end":{"line":26,"column":9}},"6":{"start":{"line":24,"column":4},"end":{"line":24,"column":32}},"7":{"start":{"line":25,"column":4},"end":{"line":25,"column":25}},"8":{"start":{"line":29,"column":4},"end":{"line":45,"column":5}},"9":{"start":{"line":30,"column":25},"end":{"line":30,"column":75}},"10":{"start":{"line":32,"column":6},"end":{"line":35,"column":7}},"11":{"start":{"line":33,"column":8},"end":{"line":33,"column":77}},"12":{"start":{"line":34,"column":8},"end":{"line":34,"column":15}},"13":{"start":{"line":37,"column":23},"end":{"line":37,"column":65}},"14":{"start":{"line":38,"column":6},"end":{"line":41,"column":9}},"15":{"start":{"line":43,"column":6},"end":{"line":43,"column":46}},"16":{"start":{"line":44,"column":6},"end":{"line":44,"column":54}},"17":{"start":{"line":49,"column":4},"end":{"line":49,"column":33}},"18":{"start":{"line":50,"column":4},"end":{"line":50,"column":18}},"19":{"start":{"line":54,"column":4},"end":{"line":57,"column":5}},"20":{"start":{"line":55,"column":6},"end":{"line":55,"column":66}},"21":{"start":{"line":56,"column":6},"end":{"line":56,"column":13}},"22":{"start":{"line":58,"column":4},"end":{"line":58,"column":21}},"23":{"start":{"line":62,"column":4},"end":{"line":62,"column":21}},"24":{"start":{"line":66,"column":4},"end":{"line":69,"column":5}},"25":{"start":{"line":67,"column":6},"end":{"line":67,"column":66}},"26":{"start":{"line":68,"column":6},"end":{"line":68,"column":13}},"27":{"start":{"line":71,"column":4},"end":{"line":74,"column":5}},"28":{"start":{"line":72,"column":6},"end":{"line":72,"column":65}},"29":{"start":{"line":73,"column":6},"end":{"line":73,"column":13}},"30":{"start":{"line":76,"column":4},"end":{"line":95,"column":5}},"31":{"start":{"line":77,"column":6},"end":{"line":89,"column":8}},"32":{"start":{"line":91,"column":6},"end":{"line":91,"column":23}},"33":{"start":{"line":93,"column":6},"end":{"line":93,"column":44}},"34":{"start":{"line":94,"column":6},"end":{"line":94,"column":62}},"35":{"start":{"line":99,"column":4},"end":{"line":99,"column":33}},"36":{"start":{"line":100,"column":4},"end":{"line":100,"column":18}},"37":{"start":{"line":103,"column":2},"end":{"line":119,"column":4}}},"fnMap":{"0":{"name":"ReportPage","decl":{"start":{"line":10,"column":24},"end":{"line":10,"column":34}},"loc":{"start":{"line":10,"column":37},"end":{"line":120,"column":1}},"line":10},"1":{"name":"(anonymous_1)","decl":{"start":{"line":23,"column":12},"end":{"line":23,"column":13}},"loc":{"start":{"line":23,"column":18},"end":{"line":26,"column":3}},"line":23},"2":{"name":"getCurrentLocation","decl":{"start":{"line":28,"column":17},"end":{"line":28,"column":35}},"loc":{"start":{"line":28,"column":38},"end":{"line":46,"column":3}},"line":28},"3":{"name":"handleClose","decl":{"start":{"line":48,"column":11},"end":{"line":48,"column":22}},"loc":{"start":{"line":48,"column":25},"end":{"line":51,"column":3}},"line":48},"4":{"name":"handleNext","decl":{"start":{"line":53,"column":11},"end":{"line":53,"column":21}},"loc":{"start":{"line":53,"column":24},"end":{"line":59,"column":3}},"line":53},"5":{"name":"handleBack","decl":{"start":{"line":61,"column":11},"end":{"line":61,"column":21}},"loc":{"start":{"line":61,"column":24},"end":{"line":63,"column":3}},"line":61},"6":{"name":"handleSubmit","decl":{"start":{"line":65,"column":17},"end":{"line":65,"column":29}},"loc":{"start":{"line":65,"column":32},"end":{"line":96,"column":3}},"line":65},"7":{"name":"handleDone","decl":{"start":{"line":98,"column":11},"end":{"line":98,"column":21}},"loc":{"start":{"line":98,"column":24},"end":{"line":101,"column":3}},"line":98}},"branchMap":{"0":{"loc":{"start":{"line":32,"column":6},"end":{"line":35,"column":7}},"type":"if","locations":[{"start":{"line":32,"column":6},"end":{"line":35,"column":7}},{"start":{},"end":{}}],"line":32},"1":{"loc":{"start":{"line":54,"column":4},"end":{"line":57,"column":5}},"type":"if","locations":[{"start":{"line":54,"column":4},"end":{"line":57,"column":5}},{"start":{},"end":{}}],"line":54},"2":{"loc":{"start":{"line":66,"column":4},"end":{"line":69,"column":5}},"type":"if","locations":[{"start":{"line":66,"column":4},"end":{"line":69,"column":5}},{"start":{},"end":{}}],"line":66},"3":{"loc":{"start":{"line":71,"column":4},"end":{"line":74,"column":5}},"type":"if","locations":[{"start":{"line":71,"column":4},"end":{"line":74,"column":5}},{"start":{},"end":{}}],"line":71}},"s":{"0":5,"1":5,"2":5,"3":5,"4":5,"5":5,"6":2,"7":2,"8":2,"9":2,"10":2,"11":0,"12":0,"13":2,"14":2,"15":0,"16":0,"17":1,"18":1,"19":0,"20":0,"21":0,"22":0,"23":0,"24":0,"25":0,"26":0,"27":0,"28":0,"29":0,"30":0,"31":0,"32":0,"33":0,"34":0,"35":0,"36":0,"37":5},"f":{"0":5,"1":2,"2":2,"3":1,"4":0,"5":0,"6":0,"7":0},"b":{"0":[0,2],"1":[0,0],"2":[0,0],"3":[0,0]},"_coverageSchema":"1a1c01bbd47fc00a2c39e90264f33305004495a9","hash":"b26b61d061977111d96bf2374452c2d493f014c9"}
,"/Users/yinxiaogou/Desktop/CodeConquerers/AccessCity.App/components/ErrorMessage.tsx": {"path":"/Users/yinxiaogou/Desktop/CodeConquerers/AccessCity.App/components/ErrorMessage.tsx","statementMap":{"0":{"start":{"line":12,"column":2},"end":{"line":12,"column":40}},"1":{"start":{"line":12,"column":28},"end":{"line":12,"column":40}},"2":{"start":{"line":14,"column":2},"end":{"line":23,"column":4}},"3":{"start":{"line":26,"column":15},"end":{"line":41,"column":2}}},"fnMap":{"0":{"name":"ErrorMessage","decl":{"start":{"line":11,"column":16},"end":{"line":11,"column":28}},"loc":{"start":{"line":11,"column":58},"end":{"line":24,"column":1}},"line":11}},"branchMap":{"0":{"loc":{"start":{"line":12,"column":2},"end":{"line":12,"column":40}},"type":"if","locations":[{"start":{"line":12,"column":2},"end":{"line":12,"column":40}},{"start":{},"end":{}}],"line":12},"1":{"loc":{"start":{"line":12,"column":6},"end":{"line":12,"column":26}},"type":"binary-expr","locations":[{"start":{"line":12,"column":6},"end":{"line":12,"column":14}},{"start":{"line":12,"column":18},"end":{"line":12,"column":26}}],"line":12}},"s":{"0":49,"1":43,"2":6,"3":4},"f":{"0":49},"b":{"0":[43,6],"1":[49,6]},"_coverageSchema":"1a1c01bbd47fc00a2c39e90264f33305004495a9","hash":"b45614bacbbcb7de9e59e39e4ed550f954f897a1"}
,"/Users/yinxiaogou/Desktop/CodeConquerers/AccessCity.App/components/themed-text.tsx": {"path":"/Users/yinxiaogou/Desktop/CodeConquerers/AccessCity.App/components/themed-text.tsx","statementMap":{"0":{"start":{"line":18,"column":16},"end":{"line":18,"column":77}},"1":{"start":{"line":20,"column":2},"end":{"line":33,"column":4}},"2":{"start":{"line":36,"column":15},"end":{"line":60,"column":2}}},"fnMap":{"0":{"name":"ThemedText","decl":{"start":{"line":11,"column":16},"end":{"line":11,"column":26}},"loc":{"start":{"line":17,"column":20},"end":{"line":34,"column":1}},"line":17}},"branchMap":{"0":{"loc":{"start":{"line":15,"column":2},"end":{"line":15,"column":18}},"type":"default-arg","locations":[{"start":{"line":15,"column":9},"end":{"line":15,"column":18}}],"line":15},"1":{"loc":{"start":{"line":24,"column":8},"end":{"line":24,"column":55}},"type":"cond-expr","locations":[{"start":{"line":24,"column":29},"end":{"line":24,"column":43}},{"start":{"line":24,"column":46},"end":{"line":24,"column":55}}],"line":24},"2":{"loc":{"start":{"line":25,"column":8},"end":{"line":25,"column":51}},"type":"cond-expr","locations":[{"start":{"line":25,"column":27},"end":{"line":25,"column":39}},{"start":{"line":25,"column":42},"end":{"line":25,"column":51}}],"line":25},"3":{"loc":{"start":{"line":26,"column":8},"end":{"line":26,"column":71}},"type":"cond-expr","locations":[{"start":{"line":26,"column":37},"end":{"line":26,"column":59}},{"start":{"line":26,"column":62},"end":{"line":26,"column":71}}],"line":26},"4":{"loc":{"start":{"line":27,"column":8},"end":{"line":27,"column":57}},"type":"cond-expr","locations":[{"start":{"line":27,"column":30},"end":{"line":27,"column":45}},{"start":{"line":27,"column":48},"end":{"line":27,"column":57}}],"line":27},"5":{"loc":{"start":{"line":28,"column":8},"end":{"line":28,"column":49}},"type":"cond-expr","locations":[{"start":{"line":28,"column":26},"end":{"line":28,"column":37}},{"start":{"line":28,"column":40},"end":{"line":28,"column":49}}],"line":28}},"s":{"0":2,"1":2,"2":1},"f":{"0":2},"b":{"0":[1],"1":[1,1],"2":[1,1],"3":[0,2],"4":[0,2],"5":[0,2]},"_coverageSchema":"1a1c01bbd47fc00a2c39e90264f33305004495a9","hash":"1bdf330f28ad9a8d6c105cf4d3a1d0fa5c9164e3"}
,"/Users/yinxiaogou/Desktop/CodeConquerers/AccessCity.App/components/MapView/HazardDetailsModal.tsx": {"path":"/Users/yinxiaogou/Desktop/CodeConquerers/AccessCity.App/components/MapView/HazardDetailsModal.tsx","statementMap":{"0":{"start":{"line":17,"column":2},"end":{"line":94,"column":4}},"1":{"start":{"line":97,"column":15},"end":{"line":229,"column":2}}},"fnMap":{"0":{"name":"HazardDetailsModal","decl":{"start":{"line":12,"column":24},"end":{"line":12,"column":42}},"loc":{"start":{"line":16,"column":28},"end":{"line":95,"column":1}},"line":16}},"branchMap":{"0":{"loc":{"start":{"line":32,"column":16},"end":{"line":34,"column":49}},"type":"cond-expr","locations":[{"start":{"line":33,"column":20},"end":{"line":33,"column":47}},{"start":{"line":34,"column":20},"end":{"line":34,"column":49}}],"line":32},"1":{"loc":{"start":{"line":37,"column":15},"end":{"line":45,"column":15}},"type":"cond-expr","locations":[{"start":{"line":38,"column":16},"end":{"line":42,"column":18}},{"start":{"line":44,"column":16},"end":{"line":44,"column":74}}],"line":37}},"s":{"0":9,"1":1},"f":{"0":9},"b":{"0":[0,9],"1":[0,9]},"_coverageSchema":"1a1c01bbd47fc00a2c39e90264f33305004495a9","hash":"13aeec6082c8630def81642b090b496b5d462e7b"}
,"/Users/yinxiaogou/Desktop/CodeConquerers/AccessCity.App/context/AuthContext.tsx": {"path":"/Users/yinxiaogou/Desktop/CodeConquerers/AccessCity.App/context/AuthContext.tsx","statementMap":{"0":{"start":{"line":15,"column":27},"end":{"line":15,"column":80}},"1":{"start":{"line":18,"column":26},"end":{"line":18,"column":53}},"2":{"start":{"line":19,"column":36},"end":{"line":19,"column":50}},"3":{"start":{"line":21,"column":2},"end":{"line":36,"column":9}},"4":{"start":{"line":23,"column":24},"end":{"line":34,"column":5}},"5":{"start":{"line":24,"column":6},"end":{"line":33,"column":7}},"6":{"start":{"line":25,"column":24},"end":{"line":25,"column":54}},"7":{"start":{"line":26,"column":8},"end":{"line":28,"column":9}},"8":{"start":{"line":27,"column":10},"end":{"line":27,"column":32}},"9":{"start":{"line":30,"column":8},"end":{"line":30,"column":51}},"10":{"start":{"line":32,"column":8},"end":{"line":32,"column":28}},"11":{"start":{"line":35,"column":4},"end":{"line":35,"column":18}},"12":{"start":{"line":38,"column":17},"end":{"line":41,"column":3}},"13":{"start":{"line":39,"column":21},"end":{"line":39,"column":65}},"14":{"start":{"line":40,"column":4},"end":{"line":40,"column":68}},"15":{"start":{"line":43,"column":17},"end":{"line":46,"column":3}},"16":{"start":{"line":44,"column":21},"end":{"line":44,"column":78}},"17":{"start":{"line":45,"column":4},"end":{"line":45,"column":68}},"18":{"start":{"line":48,"column":18},"end":{"line":54,"column":3}},"19":{"start":{"line":49,"column":4},"end":{"line":53,"column":5}},"20":{"start":{"line":50,"column":6},"end":{"line":50,"column":33}},"21":{"start":{"line":52,"column":6},"end":{"line":52,"column":20}},"22":{"start":{"line":56,"column":2},"end":{"line":69,"column":4}},"23":{"start":{"line":73,"column":18},"end":{"line":73,"column":41}},"24":{"start":{"line":74,"column":2},"end":{"line":76,"column":3}},"25":{"start":{"line":75,"column":4},"end":{"line":75,"column":67}},"26":{"start":{"line":77,"column":2},"end":{"line":77,"column":17}}},"fnMap":{"0":{"name":"AuthProvider","decl":{"start":{"line":17,"column":16},"end":{"line":17,"column":28}},"loc":{"start":{"line":17,"column":68},"end":{"line":70,"column":1}},"line":17},"1":{"name":"(anonymous_1)","decl":{"start":{"line":21,"column":12},"end":{"line":21,"column":13}},"loc":{"start":{"line":21,"column":18},"end":{"line":36,"column":3}},"line":21},"2":{"name":"(anonymous_2)","decl":{"start":{"line":23,"column":24},"end":{"line":23,"column":25}},"loc":{"start":{"line":23,"column":36},"end":{"line":34,"column":5}},"line":23},"3":{"name":"(anonymous_3)","decl":{"start":{"line":38,"column":17},"end":{"line":38,"column":18}},"loc":{"start":{"line":38,"column":60},"end":{"line":41,"column":3}},"line":38},"4":{"name":"(anonymous_4)","decl":{"start":{"line":43,"column":17},"end":{"line":43,"column":18}},"loc":{"start":{"line":43,"column":78},"end":{"line":46,"column":3}},"line":43},"5":{"name":"(anonymous_5)","decl":{"start":{"line":48,"column":18},"end":{"line":48,"column":19}},"loc":{"start":{"line":48,"column":30},"end":{"line":54,"column":3}},"line":48},"6":{"name":"useAuth","decl":{"start":{"line":72,"column":16},"end":{"line":72,"column":23}},"loc":{"start":{"line":72,"column":26},"end":{"line":78,"column":1}},"line":72}},"branchMap":{"0":{"loc":{"start":{"line":26,"column":8},"end":{"line":28,"column":9}},"type":"if","locations":[{"start":{"line":26,"column":8},"end":{"line":28,"column":9}},{"start":{},"end":{}}],"line":26},"1":{"loc":{"start":{"line":74,"column":2},"end":{"line":76,"column":3}},"type":"if","locations":[{"start":{"line":74,"column":2},"end":{"line":76,"column":3}},{"start":{},"end":{}}],"line":74}},"s":{"0":4,"1":24,"2":24,"3":24,"4":12,"5":12,"6":12,"7":12,"8":0,"9":0,"10":12,"11":12,"12":24,"13":2,"14":2,"15":24,"16":1,"17":1,"18":24,"19":0,"20":0,"21":0,"22":24,"23":58,"24":58,"25":0,"26":58},"f":{"0":24,"1":12,"2":12,"3":2,"4":1,"5":0,"6":58},"b":{"0":[0,12],"1":[0,58]},"_coverageSchema":"1a1c01bbd47fc00a2c39e90264f33305004495a9","hash":"f349a553048c80060e0c4d22e1bf577cb7c1380b"}
,"/Users/yinxiaogou/Desktop/CodeConquerers/AccessCity.App/hooks/use-form-animation.ts": {"path":"/Users/yinxiaogou/Desktop/CodeConquerers/AccessCity.App/hooks/use-form-animation.ts","statementMap":{"0":{"start":{"line":5,"column":22},"end":{"line":5,"column":39}},"1":{"start":{"line":7,"column":16},"end":{"line":17,"column":3}},"2":{"start":{"line":9,"column":4},"end":{"line":9,"column":70}},"3":{"start":{"line":12,"column":4},"end":{"line":16,"column":6}},"4":{"start":{"line":19,"column":21},"end":{"line":21,"column":5}},"5":{"start":{"line":19,"column":45},"end":{"line":21,"column":3}},"6":{"start":{"line":23,"column":2},"end":{"line":23,"column":31}}},"fnMap":{"0":{"name":"useFormAnimation","decl":{"start":{"line":4,"column":16},"end":{"line":4,"column":32}},"loc":{"start":{"line":4,"column":35},"end":{"line":24,"column":1}},"line":4},"1":{"name":"(anonymous_1)","decl":{"start":{"line":7,"column":16},"end":{"line":7,"column":17}},"loc":{"start":{"line":7,"column":22},"end":{"line":17,"column":3}},"line":7},"2":{"name":"(anonymous_2)","decl":{"start":{"line":19,"column":38},"end":{"line":19,"column":39}},"loc":{"start":{"line":19,"column":45},"end":{"line":21,"column":3}},"line":19}},"branchMap":{},"s":{"0":31,"1":31,"2":3,"3":3,"4":31,"5":31,"6":31},"f":{"0":31,"1":3,"2":31},"b":{},"_coverageSchema":"1a1c01bbd47fc00a2c39e90264f33305004495a9","hash":"1f0573b03dc9a22f433a7c1beb7938cf459b472b"}
,"/Users/yinxiaogou/Desktop/CodeConquerers/AccessCity.App/services/api.ts": {"path":"/Users/yinxiaogou/Desktop/CodeConquerers/AccessCity.App/services/api.ts","statementMap":{"0":{"start":{"line":5,"column":51},"end":{"line":10,"column":2}},"1":{"start":{"line":14,"column":18},"end":{"line":14,"column":35}},"2":{"start":{"line":15,"column":26},"end":{"line":15,"column":44}},"3":{"start":{"line":16,"column":17},"end":{"line":16,"column":31}},"4":{"start":{"line":30,"column":2},"end":{"line":30,"column":62}},"5":{"start":{"line":34,"column":2},"end":{"line":34,"column":47}},"6":{"start":{"line":35,"column":2},"end":{"line":35,"column":55}},"7":{"start":{"line":36,"column":2},"end":{"line":36,"column":46}},"8":{"start":{"line":39,"column":19},"end":{"line":233,"column":1}},"9":{"start":{"line":41,"column":16},"end":{"line":41,"column":39}},"10":{"start":{"line":42,"column":20},"end":{"line":42,"column":54}},"11":{"start":{"line":44,"column":4},"end":{"line":46,"column":5}},"12":{"start":{"line":45,"column":6},"end":{"line":45,"column":54}},"13":{"start":{"line":48,"column":4},"end":{"line":57,"column":5}},"14":{"start":{"line":49,"column":20},"end":{"line":49,"column":61}},"15":{"start":{"line":50,"column":6},"end":{"line":50,"column":43}},"16":{"start":{"line":52,"column":6},"end":{"line":54,"column":7}},"17":{"start":{"line":53,"column":8},"end":{"line":53,"column":56}},"18":{"start":{"line":56,"column":6},"end":{"line":56,"column":46}},"19":{"start":{"line":59,"column":4},"end":{"line":59,"column":37}},"20":{"start":{"line":60,"column":4},"end":{"line":60,"column":60}},"21":{"start":{"line":62,"column":21},"end":{"line":62,"column":62}},"22":{"start":{"line":64,"column":4},"end":{"line":64,"column":66}},"23":{"start":{"line":66,"column":4},"end":{"line":84,"column":5}},"24":{"start":{"line":67,"column":6},"end":{"line":67,"column":57}},"25":{"start":{"line":69,"column":24},"end":{"line":69,"column":49}},"26":{"start":{"line":71,"column":6},"end":{"line":71,"column":48}},"27":{"start":{"line":73,"column":6},"end":{"line":80,"column":7}},"28":{"start":{"line":74,"column":8},"end":{"line":74,"column":60}},"29":{"start":{"line":76,"column":8},"end":{"line":79,"column":11}},"30":{"start":{"line":82,"column":6},"end":{"line":82,"column":33}},"31":{"start":{"line":83,"column":6},"end":{"line":83,"column":63}},"32":{"start":{"line":86,"column":4},"end":{"line":118,"column":5}},"33":{"start":{"line":87,"column":20},"end":{"line":87,"column":47}},"34":{"start":{"line":88,"column":19},"end":{"line":88,"column":56}},"35":{"start":{"line":88,"column":53},"end":{"line":88,"column":55}},"36":{"start":{"line":90,"column":6},"end":{"line":90,"column":48}},"37":{"start":{"line":92,"column":6},"end":{"line":115,"column":7}},"38":{"start":{"line":93,"column":8},"end":{"line":114,"column":9}},"39":{"start":{"line":94,"column":28},"end":{"line":94,"column":44}},"40":{"start":{"line":96,"column":10},"end":{"line":111,"column":11}},"41":{"start":{"line":97,"column":12},"end":{"line":97,"column":87}},"42":{"start":{"line":97,"column":48},"end":{"line":97,"column":74}},"43":{"start":{"line":98,"column":17},"end":{"line":111,"column":11}},"44":{"start":{"line":99,"column":30},"end":{"line":99,"column":80}},"45":{"start":{"line":100,"column":12},"end":{"line":100,"column":43}},"46":{"start":{"line":102,"column":15},"end":{"line":111,"column":11}},"47":{"start":{"line":103,"column":12},"end":{"line":105,"column":32}},"48":{"start":{"line":107,"column":15},"end":{"line":111,"column":11}},"49":{"start":{"line":108,"column":12},"end":{"line":108,"column":59}},"50":{"start":{"line":109,"column":17},"end":{"line":111,"column":11}},"51":{"start":{"line":110,"column":12},"end":{"line":110,"column":32}},"52":{"start":{"line":113,"column":10},"end":{"line":113,"column":25}},"53":{"start":{"line":117,"column":6},"end":{"line":117,"column":31}},"54":{"start":{"line":120,"column":24},"end":{"line":120,"column":66}},"55":{"start":{"line":122,"column":4},"end":{"line":124,"column":5}},"56":{"start":{"line":123,"column":6},"end":{"line":123,"column":43}},"57":{"start":{"line":126,"column":4},"end":{"line":126,"column":19}},"58":{"start":{"line":130,"column":4},"end":{"line":134,"column":7}},"59":{"start":{"line":138,"column":4},"end":{"line":141,"column":7}},"60":{"start":{"line":145,"column":4},"end":{"line":149,"column":7}},"61":{"start":{"line":153,"column":4},"end":{"line":156,"column":7}},"62":{"start":{"line":159,"column":2},"end":{"line":231,"column":3}},"63":{"start":{"line":160,"column":31},"end":{"line":160,"column":80}},"64":{"start":{"line":161,"column":4},"end":{"line":161,"column":65}},"65":{"start":{"line":163,"column":4},"end":{"line":168,"column":5}},"66":{"start":{"line":164,"column":6},"end":{"line":164,"column":50}},"67":{"start":{"line":165,"column":6},"end":{"line":165,"column":51}},"68":{"start":{"line":166,"column":6},"end":{"line":166,"column":59}},"69":{"start":{"line":167,"column":6},"end":{"line":167,"column":19}},"70":{"start":{"line":171,"column":23},"end":{"line":171,"column":82}},"71":{"start":{"line":172,"column":4},"end":{"line":172,"column":52}},"72":{"start":{"line":174,"column":19},"end":{"line":179,"column":6}},"73":{"start":{"line":181,"column":4},"end":{"line":181,"column":61}},"74":{"start":{"line":183,"column":4},"end":{"line":200,"column":5}},"75":{"start":{"line":184,"column":29},"end":{"line":184,"column":66}},"76":{"start":{"line":184,"column":63},"end":{"line":184,"column":65}},"77":{"start":{"line":185,"column":6},"end":{"line":185,"column":70}},"78":{"start":{"line":187,"column":6},"end":{"line":187,"column":57}},"79":{"start":{"line":189,"column":6},"end":{"line":197,"column":9}},"80":{"start":{"line":199,"column":6},"end":{"line":199,"column":75}},"81":{"start":{"line":202,"column":4},"end":{"line":209,"column":5}},"82":{"start":{"line":203,"column":24},"end":{"line":203,"column":61}},"83":{"start":{"line":203,"column":58},"end":{"line":203,"column":60}},"84":{"start":{"line":204,"column":6},"end":{"line":204,"column":52}},"85":{"start":{"line":206,"column":6},"end":{"line":206,"column":51}},"86":{"start":{"line":207,"column":6},"end":{"line":207,"column":59}},"87":{"start":{"line":208,"column":6},"end":{"line":208,"column":19}},"88":{"start":{"line":211,"column":17},"end":{"line":211,"column":38}},"89":{"start":{"line":212,"column":4},"end":{"line":212,"column":48}},"90":{"start":{"line":214,"column":4},"end":{"line":219,"column":5}},"91":{"start":{"line":215,"column":6},"end":{"line":215,"column":59}},"92":{"start":{"line":216,"column":6},"end":{"line":216,"column":51}},"93":{"start":{"line":217,"column":6},"end":{"line":217,"column":59}},"94":{"start":{"line":218,"column":6},"end":{"line":218,"column":19}},"95":{"start":{"line":221,"column":4},"end":{"line":221,"column":58}},"96":{"start":{"line":222,"column":4},"end":{"line":222,"column":73}},"97":{"start":{"line":224,"column":4},"end":{"line":224,"column":41}},"98":{"start":{"line":225,"column":4},"end":{"line":225,"column":16}},"99":{"start":{"line":227,"column":4},"end":{"line":227,"column":46}},"100":{"start":{"line":228,"column":4},"end":{"line":228,"column":49}},"101":{"start":{"line":229,"column":4},"end":{"line":229,"column":57}},"102":{"start":{"line":230,"column":4},"end":{"line":230,"column":17}}},"fnMap":{"0":{"name":"isNonEmptyString","decl":{"start":{"line":29,"column":9},"end":{"line":29,"column":25}},"loc":{"start":{"line":29,"column":59},"end":{"line":31,"column":1}},"line":29},"1":{"name":"clearStoredSession","decl":{"start":{"line":33,"column":15},"end":{"line":33,"column":33}},"loc":{"start":{"line":33,"column":36},"end":{"line":37,"column":1}},"line":33},"2":{"name":"(anonymous_2)","decl":{"start":{"line":40,"column":2},"end":{"line":40,"column":3}},"loc":{"start":{"line":40,"column":79},"end":{"line":127,"column":3}},"line":40},"3":{"name":"(anonymous_3)","decl":{"start":{"line":88,"column":47},"end":{"line":88,"column":48}},"loc":{"start":{"line":88,"column":53},"end":{"line":88,"column":55}},"line":88},"4":{"name":"(anonymous_4)","decl":{"start":{"line":97,"column":36},"end":{"line":97,"column":37}},"loc":{"start":{"line":97,"column":48},"end":{"line":97,"column":74}},"line":97},"5":{"name":"(anonymous_5)","decl":{"start":{"line":129,"column":2},"end":{"line":129,"column":3}},"loc":{"start":{"line":129,"column":87},"end":{"line":135,"column":3}},"line":129},"6":{"name":"(anonymous_6)","decl":{"start":{"line":137,"column":2},"end":{"line":137,"column":3}},"loc":{"start":{"line":137,"column":75},"end":{"line":142,"column":3}},"line":137},"7":{"name":"(anonymous_7)","decl":{"start":{"line":144,"column":2},"end":{"line":144,"column":3}},"loc":{"start":{"line":144,"column":86},"end":{"line":150,"column":3}},"line":144},"8":{"name":"(anonymous_8)","decl":{"start":{"line":152,"column":2},"end":{"line":152,"column":3}},"loc":{"start":{"line":152,"column":78},"end":{"line":157,"column":3}},"line":152},"9":{"name":"(anonymous_9)","decl":{"start":{"line":158,"column":2},"end":{"line":158,"column":3}},"loc":{"start":{"line":158,"column":41},"end":{"line":232,"column":1}},"line":158},"10":{"name":"(anonymous_10)","decl":{"start":{"line":184,"column":57},"end":{"line":184,"column":58}},"loc":{"start":{"line":184,"column":63},"end":{"line":184,"column":65}},"line":184},"11":{"name":"(anonymous_11)","decl":{"start":{"line":203,"column":52},"end":{"line":203,"column":53}},"loc":{"start":{"line":203,"column":58},"end":{"line":203,"column":60}},"line":203}},"branchMap":{"0":{"loc":{"start":{"line":30,"column":9},"end":{"line":30,"column":61}},"type":"binary-expr","locations":[{"start":{"line":30,"column":9},"end":{"line":30,"column":34}},{"start":{"line":30,"column":38},"end":{"line":30,"column":61}}],"line":30},"1":{"loc":{"start":{"line":40,"column":37},"end":{"line":40,"column":65}},"type":"default-arg","locations":[{"start":{"line":40,"column":63},"end":{"line":40,"column":65}}],"line":40},"2":{"loc":{"start":{"line":42,"column":32},"end":{"line":42,"column":53}},"type":"binary-expr","locations":[{"start":{"line":42,"column":32},"end":{"line":42,"column":47}},{"start":{"line":42,"column":51},"end":{"line":42,"column":53}}],"line":42},"3":{"loc":{"start":{"line":44,"column":4},"end":{"line":46,"column":5}},"type":"if","locations":[{"start":{"line":44,"column":4},"end":{"line":46,"column":5}},{"start":{},"end":{}}],"line":44},"4":{"loc":{"start":{"line":48,"column":4},"end":{"line":57,"column":5}},"type":"if","locations":[{"start":{"line":48,"column":4},"end":{"line":57,"column":5}},{"start":{"line":55,"column":11},"end":{"line":57,"column":5}}],"line":48},"5":{"loc":{"start":{"line":52,"column":6},"end":{"line":54,"column":7}},"type":"if","locations":[{"start":{"line":52,"column":6},"end":{"line":54,"column":7}},{"start":{},"end":{}}],"line":52},"6":{"loc":{"start":{"line":60,"column":35},"end":{"line":60,"column":58}},"type":"binary-expr","locations":[{"start":{"line":60,"column":35},"end":{"line":60,"column":49}},{"start":{"line":60,"column":53},"end":{"line":60,"column":58}}],"line":60},"7":{"loc":{"start":{"line":66,"column":4},"end":{"line":84,"column":5}},"type":"if","locations":[{"start":{"line":66,"column":4},"end":{"line":84,"column":5}},{"start":{},"end":{}}],"line":66},"8":{"loc":{"start":{"line":66,"column":8},"end":{"line":66,"column":71}},"type":"binary-expr","locations":[{"start":{"line":66,"column":8},"end":{"line":66,"column":31}},{"start":{"line":66,"column":35},"end":{"line":66,"column":52}},{"start":{"line":66,"column":56},"end":{"line":66,"column":71}}],"line":66},"9":{"loc":{"start":{"line":73,"column":6},"end":{"line":80,"column":7}},"type":"if","locations":[{"start":{"line":73,"column":6},"end":{"line":80,"column":7}},{"start":{},"end":{}}],"line":73},"10":{"loc":{"start":{"line":86,"column":4},"end":{"line":118,"column":5}},"type":"if","locations":[{"start":{"line":86,"column":4},"end":{"line":118,"column":5}},{"start":{},"end":{}}],"line":86},"11":{"loc":{"start":{"line":92,"column":6},"end":{"line":115,"column":7}},"type":"if","locations":[{"start":{"line":92,"column":6},"end":{"line":115,"column":7}},{"start":{},"end":{}}],"line":92},"12":{"loc":{"start":{"line":96,"column":10},"end":{"line":111,"column":11}},"type":"if","locations":[{"start":{"line":96,"column":10},"end":{"line":111,"column":11}},{"start":{"line":98,"column":17},"end":{"line":111,"column":11}}],"line":96},"13":{"loc":{"start":{"line":97,"column":48},"end":{"line":97,"column":74}},"type":"binary-expr","locations":[{"start":{"line":97,"column":48},"end":{"line":97,"column":61}},{"start":{"line":97,"column":65},"end":{"line":97,"column":74}}],"line":97},"14":{"loc":{"start":{"line":98,"column":17},"end":{"line":111,"column":11}},"type":"if","locations":[{"start":{"line":98,"column":17},"end":{"line":111,"column":11}},{"start":{"line":102,"column":15},"end":{"line":111,"column":11}}],"line":98},"15":{"loc":{"start":{"line":102,"column":15},"end":{"line":111,"column":11}},"type":"if","locations":[{"start":{"line":102,"column":15},"end":{"line":111,"column":11}},{"start":{"line":107,"column":15},"end":{"line":111,"column":11}}],"line":102},"16":{"loc":{"start":{"line":103,"column":22},"end":{"line":105,"column":31}},"type":"cond-expr","locations":[{"start":{"line":104,"column":16},"end":{"line":104,"column":57}},{"start":{"line":105,"column":16},"end":{"line":105,"column":31}}],"line":103},"17":{"loc":{"start":{"line":107,"column":15},"end":{"line":111,"column":11}},"type":"if","locations":[{"start":{"line":107,"column":15},"end":{"line":111,"column":11}},{"start":{"line":109,"column":17},"end":{"line":111,"column":11}}],"line":107},"18":{"loc":{"start":{"line":107,"column":19},"end":{"line":107,"column":55}},"type":"binary-expr","locations":[{"start":{"line":107,"column":19},"end":{"line":107,"column":36}},{"start":{"line":107,"column":40},"end":{"line":107,"column":55}}],"line":107},"19":{"loc":{"start":{"line":108,"column":22},"end":{"line":108,"column":58}},"type":"binary-expr","locations":[{"start":{"line":108,"column":22},"end":{"line":108,"column":39}},{"start":{"line":108,"column":43},"end":{"line":108,"column":58}}],"line":108},"20":{"loc":{"start":{"line":109,"column":17},"end":{"line":111,"column":11}},"type":"if","locations":[{"start":{"line":109,"column":17},"end":{"line":111,"column":11}},{"start":{},"end":{}}],"line":109},"21":{"loc":{"start":{"line":120,"column":24},"end":{"line":120,"column":66}},"type":"binary-expr","locations":[{"start":{"line":120,"column":24},"end":{"line":120,"column":60}},{"start":{"line":120,"column":64},"end":{"line":120,"column":66}}],"line":120},"22":{"loc":{"start":{"line":122,"column":4},"end":{"line":124,"column":5}},"type":"if","locations":[{"start":{"line":122,"column":4},"end":{"line":124,"column":5}},{"start":{},"end":{}}],"line":122},"23":{"loc":{"start":{"line":129,"column":45},"end":{"line":129,"column":73}},"type":"default-arg","locations":[{"start":{"line":129,"column":71},"end":{"line":129,"column":73}}],"line":129},"24":{"loc":{"start":{"line":137,"column":33},"end":{"line":137,"column":61}},"type":"default-arg","locations":[{"start":{"line":137,"column":59},"end":{"line":137,"column":61}}],"line":137},"25":{"loc":{"start":{"line":144,"column":44},"end":{"line":144,"column":72}},"type":"default-arg","locations":[{"start":{"line":144,"column":70},"end":{"line":144,"column":72}}],"line":144},"26":{"loc":{"start":{"line":152,"column":36},"end":{"line":152,"column":64}},"type":"default-arg","locations":[{"start":{"line":152,"column":62},"end":{"line":152,"column":64}}],"line":152},"27":{"loc":{"start":{"line":163,"column":4},"end":{"line":168,"column":5}},"type":"if","locations":[{"start":{"line":163,"column":4},"end":{"line":168,"column":5}},{"start":{},"end":{}}],"line":163},"28":{"loc":{"start":{"line":163,"column":8},"end":{"line":163,"column":63}},"type":"binary-expr","locations":[{"start":{"line":163,"column":8},"end":{"line":163,"column":27}},{"start":{"line":163,"column":31},"end":{"line":163,"column":63}}],"line":163},"29":{"loc":{"start":{"line":183,"column":4},"end":{"line":200,"column":5}},"type":"if","locations":[{"start":{"line":183,"column":4},"end":{"line":200,"column":5}},{"start":{},"end":{}}],"line":183},"30":{"loc":{"start":{"line":202,"column":4},"end":{"line":209,"column":5}},"type":"if","locations":[{"start":{"line":202,"column":4},"end":{"line":209,"column":5}},{"start":{},"end":{}}],"line":202},"31":{"loc":{"start":{"line":214,"column":4},"end":{"line":219,"column":5}},"type":"if","locations":[{"start":{"line":214,"column":4},"end":{"line":219,"column":5}},{"start":{},"end":{}}],"line":214},"32":{"loc":{"start":{"line":214,"column":8},"end":{"line":214,"column":41}},"type":"binary-expr","locations":[{"start":{"line":214,"column":8},"end":{"line":214,"column":19}},{"start":{"line":214,"column":23},"end":{"line":214,"column":41}}],"line":214}},"s":{"0":2,"1":2,"2":2,"3":2,"4":0,"5":0,"6":0,"7":0,"8":2,"9":0,"10":0,"11":0,"12":0,"13":0,"14":0,"15":0,"16":0,"17":0,"18":0,"19":0,"20":0,"21":0,"22":0,"23":0,"24":0,"25":0,"26":0,"27":0,"28":0,"29":0,"30":0,"31":0,"32":0,"33":0,"34":0,"35":0,"36":0,"37":0,"38":0,"39":0,"40":0,"41":0,"42":0,"43":0,"44":0,"45":0,"46":0,"47":0,"48":0,"49":0,"50":0,"51":0,"52":0,"53":0,"54":0,"55":0,"56":0,"57":0,"58":0,"59":0,"60":0,"61":0,"62":0,"63":0,"64":0,"65":0,"66":0,"67":0,"68":0,"69":0,"70":0,"71":0,"72":0,"73":0,"74":0,"75":0,"76":0,"77":0,"78":0,"79":0,"80":0,"81":0,"82":0,"83":0,"84":0,"85":0,"86":0,"87":0,"88":0,"89":0,"90":0,"91":0,"92":0,"93":0,"94":0,"95":0,"96":0,"97":0,"98":0,"99":0,"100":0,"101":0,"102":0},"f":{"0":0,"1":0,"2":0,"3":0,"4":0,"5":0,"6":0,"7":0,"8":0,"9":0,"10":0,"11":0},"b":{"0":[0,0],"1":[0],"2":[0,0],"3":[0,0],"4":[0,0],"5":[0,0],"6":[0,0],"7":[0,0],"8":[0,0,0],"9":[0,0],"10":[0,0],"11":[0,0],"12":[0,0],"13":[0,0],"14":[0,0],"15":[0,0],"16":[0,0],"17":[0,0],"18":[0,0],"19":[0,0],"20":[0,0],"21":[0,0],"22":[0,0],"23":[0],"24":[0],"25":[0],"26":[0],"27":[0,0],"28":[0,0],"29":[0,0],"30":[0,0],"31":[0,0],"32":[0,0]},"_coverageSchema":"1a1c01bbd47fc00a2c39e90264f33305004495a9","hash":"d22cb1e457b9d5fd3272e2a5df510d35b20d932f"}
,"/Users/yinxiaogou/Desktop/CodeConquerers/AccessCity.App/services/apiConfig.ts": {"path":"/Users/yinxiaogou/Desktop/CodeConquerers/AccessCity.App/services/apiConfig.ts","statementMap":{"0":{"start":{"line":14,"column":17},"end":{"line":14,"column":45}},"1":{"start":{"line":15,"column":2},"end":{"line":19,"column":3}},"2":{"start":{"line":17,"column":17},"end":{"line":17,"column":60}},"3":{"start":{"line":18,"column":4},"end":{"line":18,"column":55}},"4":{"start":{"line":22,"column":4},"end":{"line":23,"column":61}},"5":{"start":{"line":24,"column":15},"end":{"line":24,"column":54}},"6":{"start":{"line":25,"column":18},"end":{"line":25,"column":42}},"7":{"start":{"line":26,"column":2},"end":{"line":26,"column":50}}},"fnMap":{"0":{"name":"resolveApiUrls","decl":{"start":{"line":13,"column":16},"end":{"line":13,"column":30}},"loc":{"start":{"line":13,"column":84},"end":{"line":27,"column":1}},"line":13}},"branchMap":{"0":{"loc":{"start":{"line":15,"column":2},"end":{"line":19,"column":3}},"type":"if","locations":[{"start":{"line":15,"column":2},"end":{"line":19,"column":3}},{"start":{},"end":{}}],"line":15},"1":{"loc":{"start":{"line":22,"column":4},"end":{"line":23,"column":61}},"type":"binary-expr","locations":[{"start":{"line":22,"column":4},"end":{"line":22,"column":33}},{"start":{"line":23,"column":5},"end":{"line":23,"column":60}}],"line":22},"2":{"loc":{"start":{"line":23,"column":5},"end":{"line":23,"column":60}},"type":"cond-expr","locations":[{"start":{"line":23,"column":36},"end":{"line":23,"column":46}},{"start":{"line":23,"column":49},"end":{"line":23,"column":60}}],"line":23},"3":{"loc":{"start":{"line":24,"column":15},"end":{"line":24,"column":54}},"type":"binary-expr","locations":[{"start":{"line":24,"column":15},"end":{"line":24,"column":44}},{"start":{"line":24,"column":48},"end":{"line":24,"column":54}}],"line":24}},"s":{"0":7,"1":7,"2":2,"3":2,"4":5,"5":5,"6":5,"7":5},"f":{"0":7},"b":{"0":[2,5],"1":[5,4],"2":[1,3],"3":[5,4]},"_coverageSchema":"1a1c01bbd47fc00a2c39e90264f33305004495a9","hash":"35937ed11b3679cf8ad335b987cbcb98f75d8f10"}
,"/Users/yinxiaogou/Desktop/CodeConquerers/AccessCity.App/services/auth.service.ts": {"path":"/Users/yinxiaogou/Desktop/CodeConquerers/AccessCity.App/services/auth.service.ts","statementMap":{"0":{"start":{"line":10,"column":18},"end":{"line":10,"column":35}},"1":{"start":{"line":11,"column":26},"end":{"line":11,"column":44}},"2":{"start":{"line":12,"column":17},"end":{"line":12,"column":31}},"3":{"start":{"line":20,"column":2},"end":{"line":20,"column":62}},"4":{"start":{"line":23,"column":27},"end":{"line":156,"column":1}},"5":{"start":{"line":25,"column":21},"end":{"line":27,"column":6}},"6":{"start":{"line":29,"column":4},"end":{"line":29,"column":45}},"7":{"start":{"line":31,"column":4},"end":{"line":31,"column":37}},"8":{"start":{"line":32,"column":4},"end":{"line":32,"column":20}},"9":{"start":{"line":36,"column":21},"end":{"line":38,"column":6}},"10":{"start":{"line":40,"column":4},"end":{"line":40,"column":48}},"11":{"start":{"line":42,"column":4},"end":{"line":42,"column":37}},"12":{"start":{"line":43,"column":4},"end":{"line":43,"column":20}},"13":{"start":{"line":47,"column":4},"end":{"line":47,"column":45}},"14":{"start":{"line":49,"column":4},"end":{"line":51,"column":5}},"15":{"start":{"line":50,"column":6},"end":{"line":50,"column":63}},"16":{"start":{"line":53,"column":4},"end":{"line":55,"column":5}},"17":{"start":{"line":54,"column":6},"end":{"line":54,"column":64}},"18":{"start":{"line":57,"column":4},"end":{"line":57,"column":58}},"19":{"start":{"line":58,"column":4},"end":{"line":58,"column":73}},"20":{"start":{"line":60,"column":33},"end":{"line":63,"column":5}},"21":{"start":{"line":65,"column":4},"end":{"line":65,"column":71}},"22":{"start":{"line":67,"column":23},"end":{"line":67,"column":64}},"23":{"start":{"line":68,"column":30},"end":{"line":68,"column":79}},"24":{"start":{"line":69,"column":22},"end":{"line":69,"column":62}},"25":{"start":{"line":71,"column":4},"end":{"line":71,"column":44}},"26":{"start":{"line":72,"column":4},"end":{"line":72,"column":59}},"27":{"start":{"line":73,"column":4},"end":{"line":73,"column":42}},"28":{"start":{"line":77,"column":18},"end":{"line":77,"column":59}},"29":{"start":{"line":78,"column":25},"end":{"line":78,"column":74}},"30":{"start":{"line":79,"column":21},"end":{"line":79,"column":61}},"31":{"start":{"line":81,"column":4},"end":{"line":81,"column":45}},"32":{"start":{"line":82,"column":4},"end":{"line":82,"column":60}},"33":{"start":{"line":83,"column":4},"end":{"line":83,"column":47}},"34":{"start":{"line":85,"column":4},"end":{"line":87,"column":5}},"35":{"start":{"line":86,"column":6},"end":{"line":86,"column":18}},"36":{"start":{"line":89,"column":4},"end":{"line":91,"column":5}},"37":{"start":{"line":90,"column":6},"end":{"line":90,"column":18}},"38":{"start":{"line":93,"column":4},"end":{"line":104,"column":5}},"39":{"start":{"line":94,"column":19},"end":{"line":94,"column":39}},"40":{"start":{"line":96,"column":6},"end":{"line":100,"column":8}},"41":{"start":{"line":102,"column":6},"end":{"line":102,"column":59}},"42":{"start":{"line":103,"column":6},"end":{"line":103,"column":18}},"43":{"start":{"line":108,"column":4},"end":{"line":108,"column":49}},"44":{"start":{"line":109,"column":4},"end":{"line":109,"column":57}},"45":{"start":{"line":110,"column":4},"end":{"line":110,"column":48}},"46":{"start":{"line":112,"column":4},"end":{"line":112,"column":35}},"47":{"start":{"line":116,"column":25},"end":{"line":116,"column":74}},"48":{"start":{"line":118,"column":4},"end":{"line":118,"column":55}},"49":{"start":{"line":120,"column":4},"end":{"line":130,"column":5}},"50":{"start":{"line":121,"column":6},"end":{"line":129,"column":7}},"51":{"start":{"line":122,"column":8},"end":{"line":125,"column":11}},"52":{"start":{"line":126,"column":8},"end":{"line":126,"column":46}},"53":{"start":{"line":128,"column":8},"end":{"line":128,"column":50}},"54":{"start":{"line":132,"column":4},"end":{"line":132,"column":30}},"55":{"start":{"line":136,"column":4},"end":{"line":136,"column":49}},"56":{"start":{"line":138,"column":4},"end":{"line":142,"column":6}},"57":{"start":{"line":148,"column":4},"end":{"line":148,"column":52}},"58":{"start":{"line":150,"column":4},"end":{"line":154,"column":6}}},"fnMap":{"0":{"name":"isNonEmptyString","decl":{"start":{"line":19,"column":9},"end":{"line":19,"column":25}},"loc":{"start":{"line":19,"column":59},"end":{"line":21,"column":1}},"line":19},"1":{"name":"(anonymous_1)","decl":{"start":{"line":24,"column":2},"end":{"line":24,"column":3}},"loc":{"start":{"line":24,"column":60},"end":{"line":33,"column":3}},"line":24},"2":{"name":"(anonymous_2)","decl":{"start":{"line":35,"column":2},"end":{"line":35,"column":3}},"loc":{"start":{"line":35,"column":66},"end":{"line":44,"column":3}},"line":35},"3":{"name":"(anonymous_3)","decl":{"start":{"line":46,"column":2},"end":{"line":46,"column":3}},"loc":{"start":{"line":46,"column":40},"end":{"line":74,"column":3}},"line":46},"4":{"name":"(anonymous_4)","decl":{"start":{"line":76,"column":2},"end":{"line":76,"column":3}},"loc":{"start":{"line":76,"column":21},"end":{"line":105,"column":3}},"line":76},"5":{"name":"(anonymous_5)","decl":{"start":{"line":107,"column":2},"end":{"line":107,"column":3}},"loc":{"start":{"line":107,"column":23},"end":{"line":113,"column":3}},"line":107},"6":{"name":"(anonymous_6)","decl":{"start":{"line":115,"column":2},"end":{"line":115,"column":3}},"loc":{"start":{"line":115,"column":17},"end":{"line":133,"column":3}},"line":115},"7":{"name":"(anonymous_7)","decl":{"start":{"line":135,"column":2},"end":{"line":135,"column":3}},"loc":{"start":{"line":135,"column":68},"end":{"line":143,"column":3}},"line":135},"8":{"name":"(anonymous_8)","decl":{"start":{"line":145,"column":2},"end":{"line":145,"column":3}},"loc":{"start":{"line":147,"column":34},"end":{"line":155,"column":3}},"line":147}},"branchMap":{"0":{"loc":{"start":{"line":20,"column":9},"end":{"line":20,"column":61}},"type":"binary-expr","locations":[{"start":{"line":20,"column":9},"end":{"line":20,"column":34}},{"start":{"line":20,"column":38},"end":{"line":20,"column":61}}],"line":20},"1":{"loc":{"start":{"line":49,"column":4},"end":{"line":51,"column":5}},"type":"if","locations":[{"start":{"line":49,"column":4},"end":{"line":51,"column":5}},{"start":{},"end":{}}],"line":49},"2":{"loc":{"start":{"line":53,"column":4},"end":{"line":55,"column":5}},"type":"if","locations":[{"start":{"line":53,"column":4},"end":{"line":55,"column":5}},{"start":{},"end":{}}],"line":53},"3":{"loc":{"start":{"line":85,"column":4},"end":{"line":87,"column":5}},"type":"if","locations":[{"start":{"line":85,"column":4},"end":{"line":87,"column":5}},{"start":{},"end":{}}],"line":85},"4":{"loc":{"start":{"line":89,"column":4},"end":{"line":91,"column":5}},"type":"if","locations":[{"start":{"line":89,"column":4},"end":{"line":91,"column":5}},{"start":{},"end":{}}],"line":89},"5":{"loc":{"start":{"line":98,"column":22},"end":{"line":98,"column":74}},"type":"cond-expr","locations":[{"start":{"line":98,"column":55},"end":{"line":98,"column":67}},{"start":{"line":98,"column":70},"end":{"line":98,"column":74}}],"line":98},"6":{"loc":{"start":{"line":120,"column":4},"end":{"line":130,"column":5}},"type":"if","locations":[{"start":{"line":120,"column":4},"end":{"line":130,"column":5}},{"start":{},"end":{}}],"line":120}},"s":{"0":1,"1":1,"2":1,"3":0,"4":1,"5":0,"6":0,"7":0,"8":0,"9":0,"10":0,"11":0,"12":0,"13":0,"14":0,"15":0,"16":0,"17":0,"18":0,"19":0,"20":0,"21":0,"22":0,"23":0,"24":0,"25":0,"26":0,"27":0,"28":0,"29":0,"30":0,"31":0,"32":0,"33":0,"34":0,"35":0,"36":0,"37":0,"38":0,"39":0,"40":0,"41":0,"42":0,"43":0,"44":0,"45":0,"46":0,"47":0,"48":0,"49":0,"50":0,"51":0,"52":0,"53":0,"54":0,"55":0,"56":0,"57":0,"58":0},"f":{"0":0,"1":0,"2":0,"3":0,"4":0,"5":0,"6":0,"7":0,"8":0},"b":{"0":[0,0],"1":[0,0],"2":[0,0],"3":[0,0],"4":[0,0],"5":[0,0],"6":[0,0]},"_coverageSchema":"1a1c01bbd47fc00a2c39e90264f33305004495a9","hash":"073d2f2fdd9d9da3320c4157ba3b1b36db07e10f"}
,"/Users/yinxiaogou/Desktop/CodeConquerers/AccessCity.App/services/hazardMapping.ts": {"path":"/Users/yinxiaogou/Desktop/CodeConquerers/AccessCity.App/services/hazardMapping.ts","statementMap":{"0":{"start":{"line":29,"column":2},"end":{"line":29,"column":38}},"1":{"start":{"line":29,"column":13},"end":{"line":29,"column":38}},"2":{"start":{"line":31,"column":2},"end":{"line":33,"column":52}},"3":{"start":{"line":33,"column":32},"end":{"line":33,"column":50}},"4":{"start":{"line":37,"column":2},"end":{"line":37,"column":38}},"5":{"start":{"line":37,"column":20},"end":{"line":37,"column":38}},"6":{"start":{"line":38,"column":2},"end":{"line":38,"column":41}},"7":{"start":{"line":38,"column":20},"end":{"line":38,"column":41}},"8":{"start":{"line":39,"column":2},"end":{"line":39,"column":38}},"9":{"start":{"line":39,"column":20},"end":{"line":39,"column":38}},"10":{"start":{"line":40,"column":2},"end":{"line":40,"column":65}},"11":{"start":{"line":40,"column":51},"end":{"line":40,"column":65}},"12":{"start":{"line":41,"column":2},"end":{"line":41,"column":20}},"13":{"start":{"line":45,"column":22},"end":{"line":45,"column":50}},"14":{"start":{"line":47,"column":2},"end":{"line":49,"column":3}},"15":{"start":{"line":48,"column":4},"end":{"line":48,"column":16}},"16":{"start":{"line":51,"column":22},"end":{"line":51,"column":69}},"17":{"start":{"line":53,"column":2},"end":{"line":65,"column":4}}},"fnMap":{"0":{"name":"formatHazardTypeLabel","decl":{"start":{"line":28,"column":16},"end":{"line":28,"column":37}},"loc":{"start":{"line":28,"column":61},"end":{"line":34,"column":1}},"line":28},"1":{"name":"(anonymous_1)","decl":{"start":{"line":33,"column":22},"end":{"line":33,"column":23}},"loc":{"start":{"line":33,"column":32},"end":{"line":33,"column":50}},"line":33},"2":{"name":"formatHazardStatus","decl":{"start":{"line":36,"column":16},"end":{"line":36,"column":34}},"loc":{"start":{"line":36,"column":69},"end":{"line":42,"column":1}},"line":36},"3":{"name":"mapBackendHazardToApp","decl":{"start":{"line":44,"column":16},"end":{"line":44,"column":37}},"loc":{"start":{"line":44,"column":79},"end":{"line":66,"column":1}},"line":44}},"branchMap":{"0":{"loc":{"start":{"line":29,"column":2},"end":{"line":29,"column":38}},"type":"if","locations":[{"start":{"line":29,"column":2},"end":{"line":29,"column":38}},{"start":{},"end":{}}],"line":29},"1":{"loc":{"start":{"line":37,"column":2},"end":{"line":37,"column":38}},"type":"if","locations":[{"start":{"line":37,"column":2},"end":{"line":37,"column":38}},{"start":{},"end":{}}],"line":37},"2":{"loc":{"start":{"line":38,"column":2},"end":{"line":38,"column":41}},"type":"if","locations":[{"start":{"line":38,"column":2},"end":{"line":38,"column":41}},{"start":{},"end":{}}],"line":38},"3":{"loc":{"start":{"line":39,"column":2},"end":{"line":39,"column":38}},"type":"if","locations":[{"start":{"line":39,"column":2},"end":{"line":39,"column":38}},{"start":{},"end":{}}],"line":39},"4":{"loc":{"start":{"line":40,"column":2},"end":{"line":40,"column":65}},"type":"if","locations":[{"start":{"line":40,"column":2},"end":{"line":40,"column":65}},{"start":{},"end":{}}],"line":40},"5":{"loc":{"start":{"line":40,"column":6},"end":{"line":40,"column":49}},"type":"binary-expr","locations":[{"start":{"line":40,"column":6},"end":{"line":40,"column":32}},{"start":{"line":40,"column":36},"end":{"line":40,"column":49}}],"line":40},"6":{"loc":{"start":{"line":47,"column":2},"end":{"line":49,"column":3}},"type":"if","locations":[{"start":{"line":47,"column":2},"end":{"line":49,"column":3}},{"start":{},"end":{}}],"line":47},"7":{"loc":{"start":{"line":47,"column":6},"end":{"line":47,"column":44}},"type":"binary-expr","locations":[{"start":{"line":47,"column":6},"end":{"line":47,"column":18}},{"start":{"line":47,"column":22},"end":{"line":47,"column":44}}],"line":47},"8":{"loc":{"start":{"line":51,"column":22},"end":{"line":51,"column":69}},"type":"binary-expr","locations":[{"start":{"line":51,"column":22},"end":{"line":51,"column":48}},{"start":{"line":51,"column":52},"end":{"line":51,"column":69}}],"line":51},"9":{"loc":{"start":{"line":55,"column":11},"end":{"line":55,"column":82}},"type":"binary-expr","locations":[{"start":{"line":55,"column":11},"end":{"line":55,"column":44}},{"start":{"line":55,"column":48},"end":{"line":55,"column":82}}],"line":55},"10":{"loc":{"start":{"line":56,"column":10},"end":{"line":56,"column":32}},"type":"binary-expr","locations":[{"start":{"line":56,"column":10},"end":{"line":56,"column":21}},{"start":{"line":56,"column":25},"end":{"line":56,"column":32}}],"line":56},"11":{"loc":{"start":{"line":62,"column":18},"end":{"line":64,"column":18}},"type":"cond-expr","locations":[{"start":{"line":63,"column":8},"end":{"line":63,"column":56}},{"start":{"line":64,"column":8},"end":{"line":64,"column":18}}],"line":62}},"s":{"0":3,"1":2,"2":1,"3":2,"4":5,"5":2,"6":3,"7":1,"8":2,"9":1,"10":1,"11":1,"12":0,"13":3,"14":3,"15":2,"16":1,"17":1},"f":{"0":3,"1":2,"2":5,"3":3},"b":{"0":[2,1],"1":[2,3],"2":[1,2],"3":[1,1],"4":[1,0],"5":[1,1],"6":[2,1],"7":[3,2],"8":[1,0],"9":[1,0],"10":[1,0],"11":[1,0]},"_coverageSchema":"1a1c01bbd47fc00a2c39e90264f33305004495a9","hash":"5d26d5e67571da00ea8e284bd21e914a4f253b9e"}
}
