TN:
SF:__tests__/testUtils.tsx
FN:4,renderWithAuthProvider
FN:8,createAuthWrapper
FN:19,Wrapper
FNF:3
FNH:3
FNDA:12,renderWithAuthProvider
FNDA:2,createAuthWrapper
FNDA:2,Wrapper
DA:5,12
DA:9,2
DA:19,2
DA:20,2
LF:4
LH:4
BRF:0
BRH:0
end_of_record
TN:
SF:app/index.tsx
FN:36,AuthScreen
FN:55,(anonymous_1)
FN:63,(anonymous_2)
FN:72,(anonymous_3)
FN:116,(anonymous_4)
FN:126,(anonymous_5)
FN:133,(anonymous_6)
FN:185,(anonymous_7)
FN:191,(anonymous_8)
FN:207,(anonymous_9)
FN:208,(anonymous_10)
FN:223,(anonymous_11)
FN:224,(anonymous_12)
FN:237,(anonymous_13)
FN:238,(anonymous_14)
FN:245,(anonymous_15)
FN:315,(anonymous_16)
FN:316,(anonymous_17)
FN:350,(anonymous_18)
FNF:19
FNH:9
FNDA:25,AuthScreen
FNDA:16,(anonymous_1)
FNDA:16,(anonymous_2)
FNDA:2,(anonymous_3)
FNDA:25,(anonymous_4)
FNDA:25,(anonymous_5)
FNDA:25,(anonymous_6)
FNDA:0,(anonymous_7)
FNDA:1,(anonymous_8)
FNDA:0,(anonymous_9)
FNDA:0,(anonymous_10)
FNDA:0,(anonymous_11)
FNDA:0,(anonymous_12)
FNDA:0,(anonymous_13)
FNDA:0,(anonymous_14)
FNDA:1,(anonymous_15)
FNDA:0,(anonymous_16)
FNDA:0,(anonymous_17)
FNDA:0,(anonymous_18)
DA:34,1
DA:37,25
DA:38,25
DA:39,25
DA:40,25
DA:41,25
DA:42,25
DA:43,25
DA:44,25
DA:45,25
DA:46,25
DA:47,25
DA:49,25
DA:50,25
DA:51,25
DA:52,25
DA:53,25
DA:55,25
DA:56,16
DA:57,1
DA:59,16
DA:60,16
DA:63,25
DA:64,16
DA:68,16
DA:69,16
DA:72,25
DA:73,2
DA:74,2
DA:76,2
DA:77,1
DA:78,0
DA:79,0
DA:80,0
DA:82,1
DA:83,1
DA:84,1
DA:85,1
DA:87,0
DA:89,1
DA:91,1
DA:94,1
DA:95,0
DA:96,0
DA:97,0
DA:100,1
DA:101,1
DA:102,1
DA:103,0
DA:105,1
DA:107,1
DA:109,0
DA:110,0
DA:112,1
DA:116,25
DA:118,25
DA:119,25
DA:120,25
DA:121,25
DA:126,25
DA:127,25
DA:133,25
DA:134,25
DA:140,25
DA:185,0
DA:191,1
DA:207,0
DA:208,0
DA:223,0
DA:224,0
DA:237,0
DA:238,0
DA:246,1
DA:247,1
DA:248,1
DA:315,0
DA:316,0
DA:351,0
DA:352,0
DA:353,0
DA:376,1
LF:81
LH:59
BRDA:56,0,0,1
BRDA:56,0,1,15
BRDA:64,1,0,2
BRDA:64,1,1,14
BRDA:76,2,0,1
BRDA:76,2,1,1
BRDA:77,3,0,0
BRDA:77,3,1,1
BRDA:87,4,0,0
BRDA:87,4,1,0
BRDA:94,5,0,0
BRDA:94,5,1,1
BRDA:94,6,0,1
BRDA:94,6,1,1
BRDA:94,6,2,1
BRDA:94,6,3,0
BRDA:102,7,0,0
BRDA:102,7,1,1
BRDA:109,8,0,0
BRDA:109,8,1,0
BRDA:153,9,0,25
BRDA:153,9,1,0
BRDA:179,10,0,16
BRDA:179,10,1,9
BRDA:187,11,0,16
BRDA:187,11,1,13
BRDA:193,12,0,16
BRDA:193,12,1,3
BRDA:198,13,0,16
BRDA:198,13,1,3
BRDA:199,14,0,3
BRDA:199,14,1,0
BRDA:200,15,0,0
BRDA:200,15,1,3
BRDA:213,16,0,16
BRDA:213,16,1,0
BRDA:214,17,0,0
BRDA:214,17,1,16
BRDA:228,18,0,16
BRDA:228,18,1,0
BRDA:229,19,0,0
BRDA:229,19,1,16
BRDA:242,20,0,16
BRDA:242,20,1,16
BRDA:268,21,0,2
BRDA:268,21,1,14
BRDA:273,22,0,3
BRDA:273,22,1,11
BRDA:305,23,0,9
BRDA:305,23,1,0
BRDA:306,24,0,0
BRDA:306,24,1,9
BRDA:320,25,0,9
BRDA:320,25,1,1
BRDA:327,26,0,9
BRDA:327,26,1,9
BRDA:341,27,0,2
BRDA:341,27,1,7
BRF:58
BRH:41
end_of_record
TN:
SF:app/login.tsx
FN:24,LoginScreen
FN:33,(anonymous_1)
FN:69,(anonymous_2)
FN:129,(anonymous_3)
FN:156,(anonymous_4)
FNF:5
FNH:4
FNDA:10,LoginScreen
FNDA:2,(anonymous_1)
FNDA:0,(anonymous_2)
FNDA:1,(anonymous_3)
FNDA:1,(anonymous_4)
DA:25,10
DA:26,10
DA:27,10
DA:28,10
DA:30,10
DA:31,10
DA:33,10
DA:34,2
DA:36,2
DA:37,2
DA:38,1
DA:39,1
DA:40,1
DA:43,1
DA:44,1
DA:45,1
DA:46,1
DA:48,0
DA:49,0
DA:51,1
DA:55,10
DA:69,0
DA:129,1
DA:156,1
DA:167,1
LF:25
LH:22
BRDA:37,0,0,1
BRDA:37,0,1,1
BRDA:37,1,0,2
BRDA:37,1,1,1
BRDA:48,2,0,0
BRDA:48,2,1,0
BRDA:59,3,0,10
BRDA:59,3,1,0
BRDA:125,4,0,10
BRDA:125,4,1,9
BRDA:144,5,0,0
BRDA:144,5,1,10
BRF:12
BRH:8
end_of_record
TN:
SF:app/signup.tsx
FN:23,SignupScreen
FN:35,(anonymous_1)
FN:75,(anonymous_2)
FN:188,(anonymous_3)
FNF:4
FNH:3
FNDA:21,SignupScreen
FNDA:3,(anonymous_1)
FNDA:0,(anonymous_2)
FNDA:1,(anonymous_3)
DA:24,21
DA:25,21
DA:26,21
DA:27,21
DA:28,21
DA:29,21
DA:30,21
DA:32,21
DA:33,21
DA:35,21
DA:36,3
DA:37,3
DA:38,1
DA:39,1
DA:40,1
DA:43,2
DA:44,1
DA:45,1
DA:46,1
DA:49,1
DA:50,1
DA:51,1
DA:52,1
DA:54,0
DA:55,0
DA:57,1
DA:61,21
DA:75,0
DA:188,1
DA:199,1
LF:30
LH:27
BRDA:37,0,0,1
BRDA:37,0,1,2
BRDA:37,1,0,3
BRDA:37,1,1,2
BRDA:37,1,2,2
BRDA:37,1,3,2
BRDA:43,2,0,1
BRDA:43,2,1,1
BRDA:54,3,0,0
BRDA:54,3,1,0
BRDA:65,4,0,21
BRDA:65,4,1,0
BRDA:164,5,0,21
BRDA:164,5,1,17
BRDA:176,6,0,1
BRDA:176,6,1,20
BRF:16
BRH:13
end_of_record
TN:
SF:app/(tabs)/hazard.tsx
FN:54,HazardIcon
FN:62,Hazard
FN:70,handleOpenDetails
FN:88,loadHazards
FN:93,(anonymous_4)
FN:119,(anonymous_5)
FN:130,(anonymous_6)
FN:145,(anonymous_7)
FN:156,(anonymous_8)
FN:182,(anonymous_9)
FN:242,(anonymous_10)
FN:255,(anonymous_11)
FNF:12
FNH:9
FNDA:1,HazardIcon
FNDA:12,Hazard
FNDA:0,handleOpenDetails
FNDA:4,loadHazards
FNDA:1,(anonymous_4)
FNDA:1,(anonymous_5)
FNDA:4,(anonymous_6)
FNDA:36,(anonymous_7)
FNDA:1,(anonymous_8)
FNDA:2,(anonymous_9)
FNDA:0,(anonymous_10)
FNDA:0,(anonymous_11)
DA:31,1
DA:36,1
DA:55,1
DA:56,1
DA:59,0
DA:63,12
DA:64,12
DA:65,12
DA:67,12
DA:68,12
DA:71,0
DA:72,0
DA:73,0
DA:74,0
DA:78,0
DA:80,0
DA:83,0
DA:84,0
DA:89,4
DA:90,4
DA:91,4
DA:92,4
DA:94,1
DA:98,1
DA:99,0
DA:102,1
DA:119,1
DA:120,4
DA:122,0
DA:123,0
DA:125,4
DA:129,12
DA:131,4
DA:135,12
DA:146,36
DA:148,36
DA:156,1
DA:183,2
DA:242,0
DA:255,0
DA:261,1
LF:41
LH:27
BRDA:55,0,0,1
BRDA:55,0,1,0
BRDA:73,1,0,0
BRDA:73,1,1,0
BRDA:94,2,0,0
BRDA:94,2,1,1
BRDA:98,3,0,0
BRDA:98,3,1,1
BRDA:98,4,0,1
BRDA:98,4,1,0
BRDA:98,4,2,0
BRDA:109,5,0,1
BRDA:109,5,1,0
BRDA:109,6,0,1
BRDA:109,6,1,0
BRDA:111,7,0,0
BRDA:111,7,1,0
BRDA:114,8,0,1
BRDA:114,8,1,0
BRDA:114,9,0,1
BRDA:114,9,1,0
BRDA:154,10,0,36
BRDA:154,10,1,12
BRDA:160,11,0,36
BRDA:160,11,1,12
BRDA:169,12,0,4
BRDA:169,12,1,8
BRDA:176,13,0,6
BRDA:176,13,1,6
BRDA:176,14,0,12
BRDA:176,14,1,8
BRF:31
BRH:18
end_of_record
TN:
SF:app/(tabs)/map.web.tsx
FN:3,MapPageWeb
FNF:1
FNH:1
FNDA:1,MapPageWeb
DA:4,1
DA:12,1
LF:2
LH:2
BRF:0
BRH:0
end_of_record
TN:
SF:app/(tabs)/profile.tsx
FN:62,ActionIcon
FN:80,Profile
FN:83,handleSignOut
FN:139,(anonymous_3)
FN:162,(anonymous_4)
FNF:5
FNH:5
FNDA:10,ActionIcon
FNDA:2,Profile
FNDA:1,handleSignOut
FNDA:10,(anonymous_3)
FNDA:1,(anonymous_4)
DA:24,1
DA:63,10
DA:64,4
DA:67,6
DA:68,0
DA:77,6
DA:81,2
DA:84,1
DA:85,1
DA:88,2
DA:140,10
DA:162,1
DA:171,1
LF:13
LH:12
BRDA:63,0,0,4
BRDA:63,0,1,6
BRDA:67,1,0,0
BRDA:67,1,1,6
BRDA:106,2,0,2
BRDA:106,2,1,0
BRDA:107,3,0,2
BRDA:107,3,1,0
BRDA:145,4,0,10
BRDA:145,4,1,8
BRF:10
BRH:7
end_of_record
TN:
SF:app/(tabs)/report/reportpage.tsx
FN:10,ReportPage
FN:23,(anonymous_1)
FN:28,getCurrentLocation
FN:48,handleClose
FN:53,handleNext
FN:61,handleBack
FN:65,handleSubmit
FN:98,handleDone
FNF:8
FNH:4
FNDA:5,ReportPage
FNDA:2,(anonymous_1)
FNDA:2,getCurrentLocation
FNDA:1,handleClose
FNDA:0,handleNext
FNDA:0,handleBack
FNDA:0,handleSubmit
FNDA:0,handleDone
DA:11,5
DA:13,5
DA:15,5
DA:16,5
DA:18,5
DA:23,5
DA:24,2
DA:25,2
DA:29,2
DA:30,2
DA:32,2
DA:33,0
DA:34,0
DA:37,2
DA:38,2
DA:43,0
DA:44,0
DA:49,1
DA:50,1
DA:54,0
DA:55,0
DA:56,0
DA:58,0
DA:62,0
DA:66,0
DA:67,0
DA:68,0
DA:71,0
DA:72,0
DA:73,0
DA:76,0
DA:77,0
DA:91,0
DA:93,0
DA:94,0
DA:99,0
DA:100,0
DA:103,5
LF:38
LH:16
BRDA:32,0,0,0
BRDA:32,0,1,2
BRDA:54,1,0,0
BRDA:54,1,1,0
BRDA:66,2,0,0
BRDA:66,2,1,0
BRDA:71,3,0,0
BRDA:71,3,1,0
BRF:8
BRH:1
end_of_record
TN:
SF:components/ErrorMessage.tsx
FN:11,ErrorMessage
FNF:1
FNH:1
FNDA:49,ErrorMessage
DA:12,49
DA:14,6
DA:26,4
LF:3
LH:3
BRDA:12,0,0,43
BRDA:12,0,1,6
BRDA:12,1,0,49
BRDA:12,1,1,6
BRF:4
BRH:4
end_of_record
TN:
SF:components/themed-text.tsx
FN:11,ThemedText
FNF:1
FNH:1
FNDA:2,ThemedText
DA:18,2
DA:20,2
DA:36,1
LF:3
LH:3
BRDA:15,0,0,1
BRDA:24,1,0,1
BRDA:24,1,1,1
BRDA:25,2,0,1
BRDA:25,2,1,1
BRDA:26,3,0,0
BRDA:26,3,1,2
BRDA:27,4,0,0
BRDA:27,4,1,2
BRDA:28,5,0,0
BRDA:28,5,1,2
BRF:11
BRH:8
end_of_record
TN:
SF:components/MapView/HazardDetailsModal.tsx
FN:12,HazardDetailsModal
FNF:1
FNH:1
FNDA:9,HazardDetailsModal
DA:17,9
DA:97,1
LF:2
LH:2
BRDA:32,0,0,0
BRDA:32,0,1,9
BRDA:37,1,0,0
BRDA:37,1,1,9
BRF:4
BRH:2
end_of_record
TN:
SF:context/AuthContext.tsx
FN:17,AuthProvider
FN:21,(anonymous_1)
FN:23,(anonymous_2)
FN:38,(anonymous_3)
FN:43,(anonymous_4)
FN:48,(anonymous_5)
FN:72,useAuth
FNF:7
FNH:6
FNDA:24,AuthProvider
FNDA:12,(anonymous_1)
FNDA:12,(anonymous_2)
FNDA:2,(anonymous_3)
FNDA:1,(anonymous_4)
FNDA:0,(anonymous_5)
FNDA:58,useAuth
DA:15,4
DA:18,24
DA:19,24
DA:21,24
DA:23,12
DA:24,12
DA:25,12
DA:26,12
DA:27,0
DA:30,0
DA:32,12
DA:35,12
DA:38,24
DA:39,2
DA:40,2
DA:43,24
DA:44,1
DA:45,1
DA:48,24
DA:49,0
DA:50,0
DA:52,0
DA:56,24
DA:73,58
DA:74,58
DA:75,0
DA:77,58
LF:27
LH:21
BRDA:26,0,0,0
BRDA:26,0,1,12
BRDA:74,1,0,0
BRDA:74,1,1,58
BRF:4
BRH:2
end_of_record
TN:
SF:hooks/use-form-animation.ts
FN:4,useFormAnimation
FN:7,(anonymous_1)
FN:19,(anonymous_2)
FNF:3
FNH:3
FNDA:31,useFormAnimation
FNDA:3,(anonymous_1)
FNDA:31,(anonymous_2)
DA:5,31
DA:7,31
DA:9,3
DA:12,3
DA:19,31
DA:23,31
LF:6
LH:6
BRF:0
BRH:0
end_of_record
TN:
SF:services/api.ts
FN:29,isNonEmptyString
FN:33,clearStoredSession
FN:40,(anonymous_2)
FN:88,(anonymous_3)
FN:97,(anonymous_4)
FN:129,(anonymous_5)
FN:137,(anonymous_6)
FN:144,(anonymous_7)
FN:152,(anonymous_8)
FN:158,(anonymous_9)
FN:184,(anonymous_10)
FN:203,(anonymous_11)
FNF:12
FNH:0
FNDA:0,isNonEmptyString
FNDA:0,clearStoredSession
FNDA:0,(anonymous_2)
FNDA:0,(anonymous_3)
FNDA:0,(anonymous_4)
FNDA:0,(anonymous_5)
FNDA:0,(anonymous_6)
FNDA:0,(anonymous_7)
FNDA:0,(anonymous_8)
FNDA:0,(anonymous_9)
FNDA:0,(anonymous_10)
FNDA:0,(anonymous_11)
DA:5,2
DA:14,2
DA:15,2
DA:16,2
DA:30,0
DA:34,0
DA:35,0
DA:36,0
DA:39,2
DA:41,0
DA:42,0
DA:44,0
DA:45,0
DA:48,0
DA:49,0
DA:50,0
DA:52,0
DA:53,0
DA:56,0
DA:59,0
DA:60,0
DA:62,0
DA:64,0
DA:66,0
DA:67,0
DA:69,0
DA:71,0
DA:73,0
DA:74,0
DA:76,0
DA:82,0
DA:83,0
DA:86,0
DA:87,0
DA:88,0
DA:90,0
DA:92,0
DA:93,0
DA:94,0
DA:96,0
DA:97,0
DA:98,0
DA:99,0
DA:100,0
DA:102,0
DA:103,0
DA:107,0
DA:108,0
DA:109,0
DA:110,0
DA:113,0
DA:117,0
DA:120,0
DA:122,0
DA:123,0
DA:126,0
DA:130,0
DA:138,0
DA:145,0
DA:153,0
DA:159,0
DA:160,0
DA:161,0
DA:163,0
DA:164,0
DA:165,0
DA:166,0
DA:167,0
DA:171,0
DA:172,0
DA:174,0
DA:181,0
DA:183,0
DA:184,0
DA:185,0
DA:187,0
DA:189,0
DA:199,0
DA:202,0
DA:203,0
DA:204,0
DA:206,0
DA:207,0
DA:208,0
DA:211,0
DA:212,0
DA:214,0
DA:215,0
DA:216,0
DA:217,0
DA:218,0
DA:221,0
DA:222,0
DA:224,0
DA:225,0
DA:227,0
DA:228,0
DA:229,0
DA:230,0
LF:99
LH:5
BRDA:30,0,0,0
BRDA:30,0,1,0
BRDA:40,1,0,0
BRDA:42,2,0,0
BRDA:42,2,1,0
BRDA:44,3,0,0
BRDA:44,3,1,0
BRDA:48,4,0,0
BRDA:48,4,1,0
BRDA:52,5,0,0
BRDA:52,5,1,0
BRDA:60,6,0,0
BRDA:60,6,1,0
BRDA:66,7,0,0
BRDA:66,7,1,0
BRDA:66,8,0,0
BRDA:66,8,1,0
BRDA:66,8,2,0
BRDA:73,9,0,0
BRDA:73,9,1,0
BRDA:86,10,0,0
BRDA:86,10,1,0
BRDA:92,11,0,0
BRDA:92,11,1,0
BRDA:96,12,0,0
BRDA:96,12,1,0
BRDA:97,13,0,0
BRDA:97,13,1,0
BRDA:98,14,0,0
BRDA:98,14,1,0
BRDA:102,15,0,0
BRDA:102,15,1,0
BRDA:103,16,0,0
BRDA:103,16,1,0
BRDA:107,17,0,0
BRDA:107,17,1,0
BRDA:107,18,0,0
BRDA:107,18,1,0
BRDA:108,19,0,0
BRDA:108,19,1,0
BRDA:109,20,0,0
BRDA:109,20,1,0
BRDA:120,21,0,0
BRDA:120,21,1,0
BRDA:122,22,0,0
BRDA:122,22,1,0
BRDA:129,23,0,0
BRDA:137,24,0,0
BRDA:144,25,0,0
BRDA:152,26,0,0
BRDA:163,27,0,0
BRDA:163,27,1,0
BRDA:163,28,0,0
BRDA:163,28,1,0
BRDA:183,29,0,0
BRDA:183,29,1,0
BRDA:202,30,0,0
BRDA:202,30,1,0
BRDA:214,31,0,0
BRDA:214,31,1,0
BRDA:214,32,0,0
BRDA:214,32,1,0
BRF:62
BRH:0
end_of_record
TN:
SF:services/apiConfig.ts
FN:13,resolveApiUrls
FNF:1
FNH:1
FNDA:7,resolveApiUrls
DA:14,7
DA:15,7
DA:17,2
DA:18,2
DA:22,5
DA:24,5
DA:25,5
DA:26,5
LF:8
LH:8
BRDA:15,0,0,2
BRDA:15,0,1,5
BRDA:22,1,0,5
BRDA:22,1,1,4
BRDA:23,2,0,1
BRDA:23,2,1,3
BRDA:24,3,0,5
BRDA:24,3,1,4
BRF:8
BRH:8
end_of_record
TN:
SF:services/auth.service.ts
FN:19,isNonEmptyString
FN:24,(anonymous_1)
FN:35,(anonymous_2)
FN:46,(anonymous_3)
FN:76,(anonymous_4)
FN:107,(anonymous_5)
FN:115,(anonymous_6)
FN:135,(anonymous_7)
FN:145,(anonymous_8)
FNF:9
FNH:0
FNDA:0,isNonEmptyString
FNDA:0,(anonymous_1)
FNDA:0,(anonymous_2)
FNDA:0,(anonymous_3)
FNDA:0,(anonymous_4)
FNDA:0,(anonymous_5)
FNDA:0,(anonymous_6)
FNDA:0,(anonymous_7)
FNDA:0,(anonymous_8)
DA:10,1
DA:11,1
DA:12,1
DA:20,0
DA:23,1
DA:25,0
DA:29,0
DA:31,0
DA:32,0
DA:36,0
DA:40,0
DA:42,0
DA:43,0
DA:47,0
DA:49,0
DA:50,0
DA:53,0
DA:54,0
DA:57,0
DA:58,0
DA:60,0
DA:65,0
DA:67,0
DA:68,0
DA:69,0
DA:71,0
DA:72,0
DA:73,0
DA:77,0
DA:78,0
DA:79,0
DA:81,0
DA:82,0
DA:83,0
DA:85,0
DA:86,0
DA:89,0
DA:90,0
DA:93,0
DA:94,0
DA:96,0
DA:102,0
DA:103,0
DA:108,0
DA:109,0
DA:110,0
DA:112,0
DA:116,0
DA:118,0
DA:120,0
DA:121,0
DA:122,0
DA:126,0
DA:128,0
DA:132,0
DA:136,0
DA:138,0
DA:148,0
DA:150,0
LF:59
LH:4
BRDA:20,0,0,0
BRDA:20,0,1,0
BRDA:49,1,0,0
BRDA:49,1,1,0
BRDA:53,2,0,0
BRDA:53,2,1,0
BRDA:85,3,0,0
BRDA:85,3,1,0
BRDA:89,4,0,0
BRDA:89,4,1,0
BRDA:98,5,0,0
BRDA:98,5,1,0
BRDA:120,6,0,0
BRDA:120,6,1,0
BRF:14
BRH:0
end_of_record
TN:
SF:services/hazardMapping.ts
FN:28,formatHazardTypeLabel
FN:33,(anonymous_1)
FN:36,formatHazardStatus
FN:44,mapBackendHazardToApp
FNF:4
FNH:4
FNDA:3,formatHazardTypeLabel
FNDA:2,(anonymous_1)
FNDA:5,formatHazardStatus
FNDA:3,mapBackendHazardToApp
DA:29,3
DA:31,1
DA:33,2
DA:37,5
DA:38,3
DA:39,2
DA:40,1
DA:41,0
DA:45,3
DA:47,3
DA:48,2
DA:51,1
DA:53,1
LF:13
LH:12
BRDA:29,0,0,2
BRDA:29,0,1,1
BRDA:37,1,0,2
BRDA:37,1,1,3
BRDA:38,2,0,1
BRDA:38,2,1,2
BRDA:39,3,0,1
BRDA:39,3,1,1
BRDA:40,4,0,1
BRDA:40,4,1,0
BRDA:40,5,0,1
BRDA:40,5,1,1
BRDA:47,6,0,2
BRDA:47,6,1,1
BRDA:47,7,0,3
BRDA:47,7,1,2
BRDA:51,8,0,1
BRDA:51,8,1,0
BRDA:55,9,0,1
BRDA:55,9,1,0
BRDA:56,10,0,1
BRDA:56,10,1,0
BRDA:62,11,0,1
BRDA:62,11,1,0
BRF:24
BRH:19
end_of_record
